[0.010s] Invoking command in '/home/migueloteo/Desktop/Software-Development/28-SDfR-FinalProject/sdfr_ws/build/custom_msg': CMAKE_PREFIX_PATH=/opt/ros/humble /usr/bin/cmake --build /home/migueloteo/Desktop/Software-Development/28-SDfR-FinalProject/sdfr_ws/build/custom_msg -- -j12 -l12
[0.044s] [ 10%] Built target custom_msg__rosidl_generator_c
[0.045s] [ 12%] Built target custom_msg__cpp
[0.056s] [ 12%] Built target ament_cmake_python_copy_custom_msg
[0.062s] [ 23%] Built target custom_msg__rosidl_typesupport_fastrtps_c
[0.066s] [ 35%] Built target custom_msg__rosidl_typesupport_introspection_c
[0.066s] [ 43%] Built target custom_msg__rosidl_typesupport_c
[0.069s] [ 74%] Built target custom_msg__rosidl_typesupport_introspection_cpp
[0.069s] [ 74%] Built target custom_msg__rosidl_typesupport_cpp
[0.069s] [ 74%] Built target custom_msg__rosidl_typesupport_fastrtps_cpp
[0.086s] [ 74%] Built target custom_msg
[0.098s] [ 76%] Built target custom_msg__py
[0.110s] [ 84%] Built target custom_msg__rosidl_generator_py
[0.127s] [ 89%] Built target custom_msg__rosidl_typesupport_introspection_c__pyext
[0.127s] [ 94%] Built target custom_msg__rosidl_typesupport_fastrtps_c__pyext
[0.130s] [100%] Built target custom_msg__rosidl_typesupport_c__pyext
[0.193s] running egg_info
[0.193s] writing custom_msg.egg-info/PKG-INFO
[0.194s] writing dependency_links to custom_msg.egg-info/dependency_links.txt
[0.194s] writing top-level names to custom_msg.egg-info/top_level.txt
[0.195s] reading manifest file 'custom_msg.egg-info/SOURCES.txt'
[0.195s] writing manifest file 'custom_msg.egg-info/SOURCES.txt'
[0.209s] [100%] Built target ament_cmake_python_build_custom_msg_egg
[0.216s] Invoked command in '/home/migueloteo/Desktop/Software-Development/28-SDfR-FinalProject/sdfr_ws/build/custom_msg' returned '0': CMAKE_PREFIX_PATH=/opt/ros/humble /usr/bin/cmake --build /home/migueloteo/Desktop/Software-Development/28-SDfR-FinalProject/sdfr_ws/build/custom_msg -- -j12 -l12
[0.253s] Invoking command in '/home/migueloteo/Desktop/Software-Development/28-SDfR-FinalProject/sdfr_ws/build/custom_msg': CMAKE_PREFIX_PATH=/opt/ros/humble /usr/bin/cmake --install /home/migueloteo/Desktop/Software-Development/28-SDfR-FinalProject/sdfr_ws/build/custom_msg
[0.257s] -- Install configuration: ""
[0.257s] -- Up-to-date: /home/migueloteo/Desktop/Software-Development/28-SDfR-FinalProject/sdfr_ws/install/custom_msg/share/ament_index/resource_index/rosidl_interfaces/custom_msg
[0.257s] -- Up-to-date: /home/migueloteo/Desktop/Software-Development/28-SDfR-FinalProject/sdfr_ws/install/custom_msg/include/custom_msg/custom_msg
[0.257s] -- Up-to-date: /home/migueloteo/Desktop/Software-Development/28-SDfR-FinalProject/sdfr_ws/install/custom_msg/include/custom_msg/custom_msg/msg
[0.257s] -- Up-to-date: /home/migueloteo/Desktop/Software-Development/28-SDfR-FinalProject/sdfr_ws/install/custom_msg/include/custom_msg/custom_msg/msg/brightness_status.h
[0.257s] -- Up-to-date: /home/migueloteo/Desktop/Software-Development/28-SDfR-FinalProject/sdfr_ws/install/custom_msg/include/custom_msg/custom_msg/msg/detail
[0.258s] -- Up-to-date: /home/migueloteo/Desktop/Software-Development/28-SDfR-FinalProject/sdfr_ws/install/custom_msg/include/custom_msg/custom_msg/msg/detail/bounding_box__struct.h
[0.258s] -- Up-to-date: /home/migueloteo/Desktop/Software-Development/28-SDfR-FinalProject/sdfr_ws/install/custom_msg/include/custom_msg/custom_msg/msg/detail/bounding_box__functions.h
[0.258s] -- Up-to-date: /home/migueloteo/Desktop/Software-Development/28-SDfR-FinalProject/sdfr_ws/install/custom_msg/include/custom_msg/custom_msg/msg/detail/brightness_status__type_support.h
[0.258s] -- Up-to-date: /home/migueloteo/Desktop/Software-Development/28-SDfR-FinalProject/sdfr_ws/install/custom_msg/include/custom_msg/custom_msg/msg/detail/brightness_status__functions.h
[0.258s] -- Up-to-date: /home/migueloteo/Desktop/Software-Development/28-SDfR-FinalProject/sdfr_ws/install/custom_msg/include/custom_msg/custom_msg/msg/detail/bounding_box__type_support.h
[0.258s] -- Up-to-date: /home/migueloteo/Desktop/Software-Development/28-SDfR-FinalProject/sdfr_ws/install/custom_msg/include/custom_msg/custom_msg/msg/detail/brightness_status__struct.h
[0.258s] -- Up-to-date: /home/migueloteo/Desktop/Software-Development/28-SDfR-FinalProject/sdfr_ws/install/custom_msg/include/custom_msg/custom_msg/msg/detail/bounding_box__functions.c
[0.258s] -- Up-to-date: /home/migueloteo/Desktop/Software-Development/28-SDfR-FinalProject/sdfr_ws/install/custom_msg/include/custom_msg/custom_msg/msg/detail/brightness_status__functions.c
[0.258s] -- Up-to-date: /home/migueloteo/Desktop/Software-Development/28-SDfR-FinalProject/sdfr_ws/install/custom_msg/include/custom_msg/custom_msg/msg/rosidl_generator_c__visibility_control.h
[0.258s] -- Up-to-date: /home/migueloteo/Desktop/Software-Development/28-SDfR-FinalProject/sdfr_ws/install/custom_msg/include/custom_msg/custom_msg/msg/bounding_box.h
[0.258s] -- Up-to-date: /home/migueloteo/Desktop/Software-Development/28-SDfR-FinalProject/sdfr_ws/install/custom_msg/share/custom_msg/environment/library_path.sh
[0.259s] -- Up-to-date: /home/migueloteo/Desktop/Software-Development/28-SDfR-FinalProject/sdfr_ws/install/custom_msg/share/custom_msg/environment/library_path.dsv
[0.259s] -- Up-to-date: /home/migueloteo/Desktop/Software-Development/28-SDfR-FinalProject/sdfr_ws/install/custom_msg/lib/libcustom_msg__rosidl_generator_c.so
[0.259s] -- Up-to-date: /home/migueloteo/Desktop/Software-Development/28-SDfR-FinalProject/sdfr_ws/install/custom_msg/include/custom_msg/custom_msg
[0.259s] -- Up-to-date: /home/migueloteo/Desktop/Software-Development/28-SDfR-FinalProject/sdfr_ws/install/custom_msg/include/custom_msg/custom_msg/msg
[0.259s] -- Up-to-date: /home/migueloteo/Desktop/Software-Development/28-SDfR-FinalProject/sdfr_ws/install/custom_msg/include/custom_msg/custom_msg/msg/detail
[0.259s] -- Up-to-date: /home/migueloteo/Desktop/Software-Development/28-SDfR-FinalProject/sdfr_ws/install/custom_msg/include/custom_msg/custom_msg/msg/detail/brightness_status__rosidl_typesupport_fastrtps_c.h
[0.259s] -- Up-to-date: /home/migueloteo/Desktop/Software-Development/28-SDfR-FinalProject/sdfr_ws/install/custom_msg/include/custom_msg/custom_msg/msg/detail/bounding_box__rosidl_typesupport_fastrtps_c.h
[0.259s] -- Up-to-date: /home/migueloteo/Desktop/Software-Development/28-SDfR-FinalProject/sdfr_ws/install/custom_msg/include/custom_msg/custom_msg/msg/rosidl_typesupport_fastrtps_c__visibility_control.h
[0.259s] -- Up-to-date: /home/migueloteo/Desktop/Software-Development/28-SDfR-FinalProject/sdfr_ws/install/custom_msg/lib/libcustom_msg__rosidl_typesupport_fastrtps_c.so
[0.259s] -- Up-to-date: /home/migueloteo/Desktop/Software-Development/28-SDfR-FinalProject/sdfr_ws/install/custom_msg/include/custom_msg/custom_msg
[0.259s] -- Up-to-date: /home/migueloteo/Desktop/Software-Development/28-SDfR-FinalProject/sdfr_ws/install/custom_msg/include/custom_msg/custom_msg/msg
[0.259s] -- Up-to-date: /home/migueloteo/Desktop/Software-Development/28-SDfR-FinalProject/sdfr_ws/install/custom_msg/include/custom_msg/custom_msg/msg/detail
[0.259s] -- Up-to-date: /home/migueloteo/Desktop/Software-Development/28-SDfR-FinalProject/sdfr_ws/install/custom_msg/include/custom_msg/custom_msg/msg/detail/bounding_box__rosidl_typesupport_introspection_c.h
[0.260s] -- Up-to-date: /home/migueloteo/Desktop/Software-Development/28-SDfR-FinalProject/sdfr_ws/install/custom_msg/include/custom_msg/custom_msg/msg/detail/brightness_status__type_support.c
[0.260s] -- Up-to-date: /home/migueloteo/Desktop/Software-Development/28-SDfR-FinalProject/sdfr_ws/install/custom_msg/include/custom_msg/custom_msg/msg/detail/brightness_status__rosidl_typesupport_introspection_c.h
[0.260s] -- Up-to-date: /home/migueloteo/Desktop/Software-Development/28-SDfR-FinalProject/sdfr_ws/install/custom_msg/include/custom_msg/custom_msg/msg/detail/bounding_box__type_support.c
[0.260s] -- Up-to-date: /home/migueloteo/Desktop/Software-Development/28-SDfR-FinalProject/sdfr_ws/install/custom_msg/include/custom_msg/custom_msg/msg/rosidl_typesupport_introspection_c__visibility_control.h
[0.260s] -- Up-to-date: /home/migueloteo/Desktop/Software-Development/28-SDfR-FinalProject/sdfr_ws/install/custom_msg/lib/libcustom_msg__rosidl_typesupport_introspection_c.so
[0.260s] -- Up-to-date: /home/migueloteo/Desktop/Software-Development/28-SDfR-FinalProject/sdfr_ws/install/custom_msg/lib/libcustom_msg__rosidl_typesupport_c.so
[0.260s] -- Up-to-date: /home/migueloteo/Desktop/Software-Development/28-SDfR-FinalProject/sdfr_ws/install/custom_msg/include/custom_msg/custom_msg
[0.260s] -- Up-to-date: /home/migueloteo/Desktop/Software-Development/28-SDfR-FinalProject/sdfr_ws/install/custom_msg/include/custom_msg/custom_msg/msg
[0.260s] -- Up-to-date: /home/migueloteo/Desktop/Software-Development/28-SDfR-FinalProject/sdfr_ws/install/custom_msg/include/custom_msg/custom_msg/msg/brightness_status.hpp
[0.260s] -- Up-to-date: /home/migueloteo/Desktop/Software-Development/28-SDfR-FinalProject/sdfr_ws/install/custom_msg/include/custom_msg/custom_msg/msg/detail
[0.260s] -- Up-to-date: /home/migueloteo/Desktop/Software-Development/28-SDfR-FinalProject/sdfr_ws/install/custom_msg/include/custom_msg/custom_msg/msg/detail/bounding_box__builder.hpp
[0.260s] -- Up-to-date: /home/migueloteo/Desktop/Software-Development/28-SDfR-FinalProject/sdfr_ws/install/custom_msg/include/custom_msg/custom_msg/msg/detail/bounding_box__traits.hpp
[0.260s] -- Up-to-date: /home/migueloteo/Desktop/Software-Development/28-SDfR-FinalProject/sdfr_ws/install/custom_msg/include/custom_msg/custom_msg/msg/detail/brightness_status__builder.hpp
[0.260s] -- Up-to-date: /home/migueloteo/Desktop/Software-Development/28-SDfR-FinalProject/sdfr_ws/install/custom_msg/include/custom_msg/custom_msg/msg/detail/brightness_status__struct.hpp
[0.260s] -- Up-to-date: /home/migueloteo/Desktop/Software-Development/28-SDfR-FinalProject/sdfr_ws/install/custom_msg/include/custom_msg/custom_msg/msg/detail/brightness_status__traits.hpp
[0.260s] -- Up-to-date: /home/migueloteo/Desktop/Software-Development/28-SDfR-FinalProject/sdfr_ws/install/custom_msg/include/custom_msg/custom_msg/msg/detail/bounding_box__struct.hpp
[0.261s] -- Up-to-date: /home/migueloteo/Desktop/Software-Development/28-SDfR-FinalProject/sdfr_ws/install/custom_msg/include/custom_msg/custom_msg/msg/bounding_box.hpp
[0.261s] -- Up-to-date: /home/migueloteo/Desktop/Software-Development/28-SDfR-FinalProject/sdfr_ws/install/custom_msg/include/custom_msg/custom_msg
[0.261s] -- Up-to-date: /home/migueloteo/Desktop/Software-Development/28-SDfR-FinalProject/sdfr_ws/install/custom_msg/include/custom_msg/custom_msg/msg
[0.261s] -- Up-to-date: /home/migueloteo/Desktop/Software-Development/28-SDfR-FinalProject/sdfr_ws/install/custom_msg/include/custom_msg/custom_msg/msg/detail
[0.261s] -- Up-to-date: /home/migueloteo/Desktop/Software-Development/28-SDfR-FinalProject/sdfr_ws/install/custom_msg/include/custom_msg/custom_msg/msg/detail/brightness_status__rosidl_typesupport_fastrtps_cpp.hpp
[0.261s] -- Up-to-date: /home/migueloteo/Desktop/Software-Development/28-SDfR-FinalProject/sdfr_ws/install/custom_msg/include/custom_msg/custom_msg/msg/detail/dds_fastrtps
[0.261s] -- Up-to-date: /home/migueloteo/Desktop/Software-Development/28-SDfR-FinalProject/sdfr_ws/install/custom_msg/include/custom_msg/custom_msg/msg/detail/bounding_box__rosidl_typesupport_fastrtps_cpp.hpp
[0.261s] -- Up-to-date: /home/migueloteo/Desktop/Software-Development/28-SDfR-FinalProject/sdfr_ws/install/custom_msg/include/custom_msg/custom_msg/msg/rosidl_typesupport_fastrtps_cpp__visibility_control.h
[0.261s] -- Up-to-date: /home/migueloteo/Desktop/Software-Development/28-SDfR-FinalProject/sdfr_ws/install/custom_msg/lib/libcustom_msg__rosidl_typesupport_fastrtps_cpp.so
[0.261s] -- Up-to-date: /home/migueloteo/Desktop/Software-Development/28-SDfR-FinalProject/sdfr_ws/install/custom_msg/include/custom_msg/custom_msg
[0.261s] -- Up-to-date: /home/migueloteo/Desktop/Software-Development/28-SDfR-FinalProject/sdfr_ws/install/custom_msg/include/custom_msg/custom_msg/msg
[0.261s] -- Up-to-date: /home/migueloteo/Desktop/Software-Development/28-SDfR-FinalProject/sdfr_ws/install/custom_msg/include/custom_msg/custom_msg/msg/detail
[0.261s] -- Up-to-date: /home/migueloteo/Desktop/Software-Development/28-SDfR-FinalProject/sdfr_ws/install/custom_msg/include/custom_msg/custom_msg/msg/detail/bounding_box__rosidl_typesupport_introspection_cpp.hpp
[0.261s] -- Up-to-date: /home/migueloteo/Desktop/Software-Development/28-SDfR-FinalProject/sdfr_ws/install/custom_msg/include/custom_msg/custom_msg/msg/detail/brightness_status__rosidl_typesupport_introspection_cpp.hpp
[0.261s] -- Up-to-date: /home/migueloteo/Desktop/Software-Development/28-SDfR-FinalProject/sdfr_ws/install/custom_msg/include/custom_msg/custom_msg/msg/detail/bounding_box__type_support.cpp
[0.261s] -- Up-to-date: /home/migueloteo/Desktop/Software-Development/28-SDfR-FinalProject/sdfr_ws/install/custom_msg/include/custom_msg/custom_msg/msg/detail/brightness_status__type_support.cpp
[0.262s] -- Up-to-date: /home/migueloteo/Desktop/Software-Development/28-SDfR-FinalProject/sdfr_ws/install/custom_msg/lib/libcustom_msg__rosidl_typesupport_introspection_cpp.so
[0.262s] -- Up-to-date: /home/migueloteo/Desktop/Software-Development/28-SDfR-FinalProject/sdfr_ws/install/custom_msg/lib/libcustom_msg__rosidl_typesupport_cpp.so
[0.262s] -- Up-to-date: /home/migueloteo/Desktop/Software-Development/28-SDfR-FinalProject/sdfr_ws/install/custom_msg/share/custom_msg/environment/pythonpath.sh
[0.262s] -- Up-to-date: /home/migueloteo/Desktop/Software-Development/28-SDfR-FinalProject/sdfr_ws/install/custom_msg/share/custom_msg/environment/pythonpath.dsv
[0.262s] -- Up-to-date: /home/migueloteo/Desktop/Software-Development/28-SDfR-FinalProject/sdfr_ws/install/custom_msg/local/lib/python3.10/dist-packages/custom_msg-0.0.0-py3.10.egg-info
[0.262s] -- Installing: /home/migueloteo/Desktop/Software-Development/28-SDfR-FinalProject/sdfr_ws/install/custom_msg/local/lib/python3.10/dist-packages/custom_msg-0.0.0-py3.10.egg-info/top_level.txt
[0.262s] -- Installing: /home/migueloteo/Desktop/Software-Development/28-SDfR-FinalProject/sdfr_ws/install/custom_msg/local/lib/python3.10/dist-packages/custom_msg-0.0.0-py3.10.egg-info/PKG-INFO
[0.262s] -- Installing: /home/migueloteo/Desktop/Software-Development/28-SDfR-FinalProject/sdfr_ws/install/custom_msg/local/lib/python3.10/dist-packages/custom_msg-0.0.0-py3.10.egg-info/SOURCES.txt
[0.262s] -- Installing: /home/migueloteo/Desktop/Software-Development/28-SDfR-FinalProject/sdfr_ws/install/custom_msg/local/lib/python3.10/dist-packages/custom_msg-0.0.0-py3.10.egg-info/dependency_links.txt
[0.262s] -- Up-to-date: /home/migueloteo/Desktop/Software-Development/28-SDfR-FinalProject/sdfr_ws/install/custom_msg/local/lib/python3.10/dist-packages/custom_msg
[0.262s] -- Up-to-date: /home/migueloteo/Desktop/Software-Development/28-SDfR-FinalProject/sdfr_ws/install/custom_msg/local/lib/python3.10/dist-packages/custom_msg/custom_msg_s__rosidl_typesupport_c.cpython-310-x86_64-linux-gnu.so
[0.262s] -- Up-to-date: /home/migueloteo/Desktop/Software-Development/28-SDfR-FinalProject/sdfr_ws/install/custom_msg/local/lib/python3.10/dist-packages/custom_msg/custom_msg_s__rosidl_typesupport_introspection_c.cpython-310-x86_64-linux-gnu.so
[0.262s] -- Up-to-date: /home/migueloteo/Desktop/Software-Development/28-SDfR-FinalProject/sdfr_ws/install/custom_msg/local/lib/python3.10/dist-packages/custom_msg/__init__.py
[0.262s] -- Up-to-date: /home/migueloteo/Desktop/Software-Development/28-SDfR-FinalProject/sdfr_ws/install/custom_msg/local/lib/python3.10/dist-packages/custom_msg/msg
[0.262s] -- Up-to-date: /home/migueloteo/Desktop/Software-Development/28-SDfR-FinalProject/sdfr_ws/install/custom_msg/local/lib/python3.10/dist-packages/custom_msg/msg/_bounding_box.py
[0.262s] -- Up-to-date: /home/migueloteo/Desktop/Software-Development/28-SDfR-FinalProject/sdfr_ws/install/custom_msg/local/lib/python3.10/dist-packages/custom_msg/msg/_brightness_status_s.c
[0.262s] -- Up-to-date: /home/migueloteo/Desktop/Software-Development/28-SDfR-FinalProject/sdfr_ws/install/custom_msg/local/lib/python3.10/dist-packages/custom_msg/msg/_bounding_box_s.c
[0.263s] -- Up-to-date: /home/migueloteo/Desktop/Software-Development/28-SDfR-FinalProject/sdfr_ws/install/custom_msg/local/lib/python3.10/dist-packages/custom_msg/msg/__init__.py
[0.263s] -- Up-to-date: /home/migueloteo/Desktop/Software-Development/28-SDfR-FinalProject/sdfr_ws/install/custom_msg/local/lib/python3.10/dist-packages/custom_msg/msg/_brightness_status.py
[0.263s] -- Up-to-date: /home/migueloteo/Desktop/Software-Development/28-SDfR-FinalProject/sdfr_ws/install/custom_msg/local/lib/python3.10/dist-packages/custom_msg/custom_msg_s__rosidl_typesupport_fastrtps_c.cpython-310-x86_64-linux-gnu.so
[0.263s] -- Up-to-date: /home/migueloteo/Desktop/Software-Development/28-SDfR-FinalProject/sdfr_ws/install/custom_msg/local/lib/python3.10/dist-packages/custom_msg/_custom_msg_s.ep.rosidl_typesupport_introspection_c.c
[0.263s] -- Up-to-date: /home/migueloteo/Desktop/Software-Development/28-SDfR-FinalProject/sdfr_ws/install/custom_msg/local/lib/python3.10/dist-packages/custom_msg/libcustom_msg__rosidl_generator_py.so
[0.263s] -- Up-to-date: /home/migueloteo/Desktop/Software-Development/28-SDfR-FinalProject/sdfr_ws/install/custom_msg/local/lib/python3.10/dist-packages/custom_msg/_custom_msg_s.ep.rosidl_typesupport_c.c
[0.263s] -- Up-to-date: /home/migueloteo/Desktop/Software-Development/28-SDfR-FinalProject/sdfr_ws/install/custom_msg/local/lib/python3.10/dist-packages/custom_msg/_custom_msg_s.ep.rosidl_typesupport_fastrtps_c.c
[0.277s] Listing '/home/migueloteo/Desktop/Software-Development/28-SDfR-FinalProject/sdfr_ws/install/custom_msg/local/lib/python3.10/dist-packages/custom_msg'...
[0.278s] Listing '/home/migueloteo/Desktop/Software-Development/28-SDfR-FinalProject/sdfr_ws/install/custom_msg/local/lib/python3.10/dist-packages/custom_msg/msg'...
[0.280s] -- Up-to-date: /home/migueloteo/Desktop/Software-Development/28-SDfR-FinalProject/sdfr_ws/install/custom_msg/local/lib/python3.10/dist-packages/custom_msg/custom_msg_s__rosidl_typesupport_fastrtps_c.cpython-310-x86_64-linux-gnu.so
[0.280s] -- Up-to-date: /home/migueloteo/Desktop/Software-Development/28-SDfR-FinalProject/sdfr_ws/install/custom_msg/local/lib/python3.10/dist-packages/custom_msg/custom_msg_s__rosidl_typesupport_introspection_c.cpython-310-x86_64-linux-gnu.so
[0.281s] -- Up-to-date: /home/migueloteo/Desktop/Software-Development/28-SDfR-FinalProject/sdfr_ws/install/custom_msg/local/lib/python3.10/dist-packages/custom_msg/custom_msg_s__rosidl_typesupport_c.cpython-310-x86_64-linux-gnu.so
[0.281s] -- Up-to-date: /home/migueloteo/Desktop/Software-Development/28-SDfR-FinalProject/sdfr_ws/install/custom_msg/lib/libcustom_msg__rosidl_generator_py.so
[0.281s] -- Up-to-date: /home/migueloteo/Desktop/Software-Development/28-SDfR-FinalProject/sdfr_ws/install/custom_msg/share/custom_msg/msg/BrightnessStatus.idl
[0.281s] -- Up-to-date: /home/migueloteo/Desktop/Software-Development/28-SDfR-FinalProject/sdfr_ws/install/custom_msg/share/custom_msg/msg/BoundingBox.idl
[0.281s] -- Up-to-date: /home/migueloteo/Desktop/Software-Development/28-SDfR-FinalProject/sdfr_ws/install/custom_msg/share/custom_msg/msg/BrightnessStatus.msg
[0.281s] -- Up-to-date: /home/migueloteo/Desktop/Software-Development/28-SDfR-FinalProject/sdfr_ws/install/custom_msg/share/custom_msg/msg/BoundingBox.msg
[0.281s] -- Up-to-date: /home/migueloteo/Desktop/Software-Development/28-SDfR-FinalProject/sdfr_ws/install/custom_msg/share/ament_index/resource_index/package_run_dependencies/custom_msg
[0.281s] -- Up-to-date: /home/migueloteo/Desktop/Software-Development/28-SDfR-FinalProject/sdfr_ws/install/custom_msg/share/ament_index/resource_index/parent_prefix_path/custom_msg
[0.281s] -- Up-to-date: /home/migueloteo/Desktop/Software-Development/28-SDfR-FinalProject/sdfr_ws/install/custom_msg/share/custom_msg/environment/ament_prefix_path.sh
[0.281s] -- Up-to-date: /home/migueloteo/Desktop/Software-Development/28-SDfR-FinalProject/sdfr_ws/install/custom_msg/share/custom_msg/environment/ament_prefix_path.dsv
[0.281s] -- Up-to-date: /home/migueloteo/Desktop/Software-Development/28-SDfR-FinalProject/sdfr_ws/install/custom_msg/share/custom_msg/environment/path.sh
[0.281s] -- Up-to-date: /home/migueloteo/Desktop/Software-Development/28-SDfR-FinalProject/sdfr_ws/install/custom_msg/share/custom_msg/environment/path.dsv
[0.282s] -- Up-to-date: /home/migueloteo/Desktop/Software-Development/28-SDfR-FinalProject/sdfr_ws/install/custom_msg/share/custom_msg/local_setup.bash
[0.282s] -- Up-to-date: /home/migueloteo/Desktop/Software-Development/28-SDfR-FinalProject/sdfr_ws/install/custom_msg/share/custom_msg/local_setup.sh
[0.282s] -- Up-to-date: /home/migueloteo/Desktop/Software-Development/28-SDfR-FinalProject/sdfr_ws/install/custom_msg/share/custom_msg/local_setup.zsh
[0.282s] -- Up-to-date: /home/migueloteo/Desktop/Software-Development/28-SDfR-FinalProject/sdfr_ws/install/custom_msg/share/custom_msg/local_setup.dsv
[0.282s] -- Installing: /home/migueloteo/Desktop/Software-Development/28-SDfR-FinalProject/sdfr_ws/install/custom_msg/share/custom_msg/package.dsv
[0.282s] -- Up-to-date: /home/migueloteo/Desktop/Software-Development/28-SDfR-FinalProject/sdfr_ws/install/custom_msg/share/ament_index/resource_index/packages/custom_msg
[0.282s] -- Up-to-date: /home/migueloteo/Desktop/Software-Development/28-SDfR-FinalProject/sdfr_ws/install/custom_msg/share/custom_msg/cmake/export_custom_msg__rosidl_generator_cExport.cmake
[0.282s] -- Up-to-date: /home/migueloteo/Desktop/Software-Development/28-SDfR-FinalProject/sdfr_ws/install/custom_msg/share/custom_msg/cmake/export_custom_msg__rosidl_generator_cExport-noconfig.cmake
[0.282s] -- Up-to-date: /home/migueloteo/Desktop/Software-Development/28-SDfR-FinalProject/sdfr_ws/install/custom_msg/share/custom_msg/cmake/export_custom_msg__rosidl_typesupport_fastrtps_cExport.cmake
[0.282s] -- Up-to-date: /home/migueloteo/Desktop/Software-Development/28-SDfR-FinalProject/sdfr_ws/install/custom_msg/share/custom_msg/cmake/export_custom_msg__rosidl_typesupport_fastrtps_cExport-noconfig.cmake
[0.282s] -- Up-to-date: /home/migueloteo/Desktop/Software-Development/28-SDfR-FinalProject/sdfr_ws/install/custom_msg/share/custom_msg/cmake/custom_msg__rosidl_typesupport_introspection_cExport.cmake
[0.282s] -- Up-to-date: /home/migueloteo/Desktop/Software-Development/28-SDfR-FinalProject/sdfr_ws/install/custom_msg/share/custom_msg/cmake/custom_msg__rosidl_typesupport_introspection_cExport-noconfig.cmake
[0.282s] -- Up-to-date: /home/migueloteo/Desktop/Software-Development/28-SDfR-FinalProject/sdfr_ws/install/custom_msg/share/custom_msg/cmake/custom_msg__rosidl_typesupport_cExport.cmake
[0.282s] -- Up-to-date: /home/migueloteo/Desktop/Software-Development/28-SDfR-FinalProject/sdfr_ws/install/custom_msg/share/custom_msg/cmake/custom_msg__rosidl_typesupport_cExport-noconfig.cmake
[0.282s] -- Up-to-date: /home/migueloteo/Desktop/Software-Development/28-SDfR-FinalProject/sdfr_ws/install/custom_msg/share/custom_msg/cmake/export_custom_msg__rosidl_generator_cppExport.cmake
[0.282s] -- Up-to-date: /home/migueloteo/Desktop/Software-Development/28-SDfR-FinalProject/sdfr_ws/install/custom_msg/share/custom_msg/cmake/export_custom_msg__rosidl_typesupport_fastrtps_cppExport.cmake
[0.282s] -- Up-to-date: /home/migueloteo/Desktop/Software-Development/28-SDfR-FinalProject/sdfr_ws/install/custom_msg/share/custom_msg/cmake/export_custom_msg__rosidl_typesupport_fastrtps_cppExport-noconfig.cmake
[0.283s] -- Up-to-date: /home/migueloteo/Desktop/Software-Development/28-SDfR-FinalProject/sdfr_ws/install/custom_msg/share/custom_msg/cmake/custom_msg__rosidl_typesupport_introspection_cppExport.cmake
[0.283s] -- Up-to-date: /home/migueloteo/Desktop/Software-Development/28-SDfR-FinalProject/sdfr_ws/install/custom_msg/share/custom_msg/cmake/custom_msg__rosidl_typesupport_introspection_cppExport-noconfig.cmake
[0.283s] -- Up-to-date: /home/migueloteo/Desktop/Software-Development/28-SDfR-FinalProject/sdfr_ws/install/custom_msg/share/custom_msg/cmake/custom_msg__rosidl_typesupport_cppExport.cmake
[0.283s] -- Up-to-date: /home/migueloteo/Desktop/Software-Development/28-SDfR-FinalProject/sdfr_ws/install/custom_msg/share/custom_msg/cmake/custom_msg__rosidl_typesupport_cppExport-noconfig.cmake
[0.284s] -- Up-to-date: /home/migueloteo/Desktop/Software-Development/28-SDfR-FinalProject/sdfr_ws/install/custom_msg/share/custom_msg/cmake/export_custom_msg__rosidl_generator_pyExport.cmake
[0.284s] -- Up-to-date: /home/migueloteo/Desktop/Software-Development/28-SDfR-FinalProject/sdfr_ws/install/custom_msg/share/custom_msg/cmake/export_custom_msg__rosidl_generator_pyExport-noconfig.cmake
[0.284s] -- Up-to-date: /home/migueloteo/Desktop/Software-Development/28-SDfR-FinalProject/sdfr_ws/install/custom_msg/share/custom_msg/cmake/rosidl_cmake-extras.cmake
[0.284s] -- Up-to-date: /home/migueloteo/Desktop/Software-Development/28-SDfR-FinalProject/sdfr_ws/install/custom_msg/share/custom_msg/cmake/ament_cmake_export_include_directories-extras.cmake
[0.284s] -- Up-to-date: /home/migueloteo/Desktop/Software-Development/28-SDfR-FinalProject/sdfr_ws/install/custom_msg/share/custom_msg/cmake/ament_cmake_export_libraries-extras.cmake
[0.284s] -- Up-to-date: /home/migueloteo/Desktop/Software-Development/28-SDfR-FinalProject/sdfr_ws/install/custom_msg/share/custom_msg/cmake/ament_cmake_export_targets-extras.cmake
[0.285s] -- Up-to-date: /home/migueloteo/Desktop/Software-Development/28-SDfR-FinalProject/sdfr_ws/install/custom_msg/share/custom_msg/cmake/rosidl_cmake_export_typesupport_targets-extras.cmake
[0.285s] -- Up-to-date: /home/migueloteo/Desktop/Software-Development/28-SDfR-FinalProject/sdfr_ws/install/custom_msg/share/custom_msg/cmake/ament_cmake_export_dependencies-extras.cmake
[0.285s] -- Up-to-date: /home/migueloteo/Desktop/Software-Development/28-SDfR-FinalProject/sdfr_ws/install/custom_msg/share/custom_msg/cmake/rosidl_cmake_export_typesupport_libraries-extras.cmake
[0.285s] -- Up-to-date: /home/migueloteo/Desktop/Software-Development/28-SDfR-FinalProject/sdfr_ws/install/custom_msg/share/custom_msg/cmake/custom_msgConfig.cmake
[0.285s] -- Up-to-date: /home/migueloteo/Desktop/Software-Development/28-SDfR-FinalProject/sdfr_ws/install/custom_msg/share/custom_msg/cmake/custom_msgConfig-version.cmake
[0.285s] -- Up-to-date: /home/migueloteo/Desktop/Software-Development/28-SDfR-FinalProject/sdfr_ws/install/custom_msg/share/custom_msg/package.xml
[0.285s] Invoked command in '/home/migueloteo/Desktop/Software-Development/28-SDfR-FinalProject/sdfr_ws/build/custom_msg' returned '0': CMAKE_PREFIX_PATH=/opt/ros/humble /usr/bin/cmake --install /home/migueloteo/Desktop/Software-Development/28-SDfR-FinalProject/sdfr_ws/build/custom_msg
