[0.007s] Invoking command in '/home/migueloteo/Desktop/Software-Development/28-SDfR-FinalProject/sdfr_ws/build/custom_msg': CMAKE_PREFIX_PATH=/opt/ros/humble /usr/bin/cmake --build /home/migueloteo/Desktop/Software-Development/28-SDfR-FinalProject/sdfr_ws/build/custom_msg -- -j12 -l12
[0.020s] -- Found rosidl_default_generators: 1.2.0 (/opt/ros/humble/share/rosidl_default_generators/cmake)
[0.020s] -- Found ament_cmake_core: 1.3.8 (/opt/ros/humble/share/ament_cmake_core/cmake)
[0.093s] -- Using all available rosidl_typesupport_c: rosidl_typesupport_fastrtps_c;rosidl_typesupport_introspection_c
[0.095s] -- Found rosidl_adapter: 3.1.5 (/opt/ros/humble/share/rosidl_adapter/cmake)
[0.115s] -- Using all available rosidl_typesupport_cpp: rosidl_typesupport_fastrtps_cpp;rosidl_typesupport_introspection_cpp
[0.260s] -- Found ament_cmake_ros: 0.10.0 (/opt/ros/humble/share/ament_cmake_ros/cmake)
[0.360s] -- Using all available rosidl_typesupport_c: rosidl_typesupport_fastrtps_c;rosidl_typesupport_introspection_c
[0.493s] -- Using all available rosidl_typesupport_cpp: rosidl_typesupport_fastrtps_cpp;rosidl_typesupport_introspection_cpp
[0.507s] -- Found python_cmake_module: 0.10.0 (/opt/ros/humble/share/python_cmake_module/cmake)
[0.521s] -- Using PYTHON_EXECUTABLE: /usr/bin/python3
[0.521s] -- Using PYTHON_INCLUDE_DIRS: /usr/include/python3.10
[0.521s] -- Using PYTHON_LIBRARIES: /usr/lib/x86_64-linux-gnu/libpython3.10.so
[0.527s] -- Found ament_lint_auto: 0.12.10 (/opt/ros/humble/share/ament_lint_auto/cmake)
[0.531s] -- Added test 'lint_cmake' to check CMake code style
[0.532s] -- Added test 'xmllint' to check XML markup files
[0.533s] -- Configuring done
[0.550s] -- Generating done
[0.551s] -- Build files have been written to: /home/migueloteo/Desktop/Software-Development/28-SDfR-FinalProject/sdfr_ws/build/custom_msg
[0.567s] [  2%] [34m[1mGenerating C code for ROS interfaces[0m
[0.571s] [  5%] [34m[1mGenerating C++ code for ROS interfaces[0m
[0.583s] [  5%] Built target ament_cmake_python_copy_custom_msg
[0.723s] running egg_info
[0.723s] writing custom_msg.egg-info/PKG-INFO
[0.723s] writing dependency_links to custom_msg.egg-info/dependency_links.txt
[0.724s] writing top-level names to custom_msg.egg-info/top_level.txt
[0.725s] reading manifest file 'custom_msg.egg-info/SOURCES.txt'
[0.725s] writing manifest file 'custom_msg.egg-info/SOURCES.txt'
[0.746s] [  5%] Built target ament_cmake_python_build_custom_msg_egg
[0.746s] [  5%] Built target custom_msg__cpp
[0.753s] [ 10%] [34m[1mGenerating C++ type support for eProsima Fast-RTPS[0m
[0.753s] [ 10%] [34m[1mGenerating C++ type support dispatch for ROS interfaces[0m
[0.756s] [ 12%] [34m[1mGenerating C++ introspection for ROS interfaces[0m
[0.847s] [35m[1mConsolidate compiler generated dependencies of target custom_msg__rosidl_generator_c[0m
[0.859s] [ 17%] [32mBuilding C object CMakeFiles/custom_msg__rosidl_generator_c.dir/rosidl_generator_c/custom_msg/msg/detail/brightness_status__functions.c.o[0m
[0.859s] [ 17%] [32mBuilding C object CMakeFiles/custom_msg__rosidl_generator_c.dir/rosidl_generator_c/custom_msg/msg/detail/bounding_box__functions.c.o[0m
[0.872s] In file included from [01m[K/home/migueloteo/Desktop/Software-Development/28-SDfR-FinalProject/sdfr_ws/build/custom_msg/rosidl_generator_c/custom_msg/msg/detail/bounding_box__functions.h:19[m[K,
[0.872s]                  from [01m[K/home/migueloteo/Desktop/Software-Development/28-SDfR-FinalProject/sdfr_ws/build/custom_msg/rosidl_generator_c/custom_msg/msg/detail/bounding_box__functions.c:4[m[K:
[0.872s] [01m[K/home/migueloteo/Desktop/Software-Development/28-SDfR-FinalProject/sdfr_ws/build/custom_msg/rosidl_generator_c/custom_msg/msg/detail/bounding_box__struct.h:22:10:[m[K [01;31m[Kfatal error: [m[Kgeometry_msgs/msg/detail/point__struct.h: No such file or directory
[0.872s]    22 | #include [01;31m[K"geometry_msgs/msg/detail/point__struct.h"[m[K
[0.872s]       |          [01;31m[K^~~~~~~~~~~~~~~~~~~~~~~~~~~~~~~~~~~~~~~~~~[m[K
[0.872s] compilation terminated.
[0.872s] gmake[2]: *** [CMakeFiles/custom_msg__rosidl_generator_c.dir/build.make:135: CMakeFiles/custom_msg__rosidl_generator_c.dir/rosidl_generator_c/custom_msg/msg/detail/bounding_box__functions.c.o] Error 1
[0.872s] gmake[2]: *** Waiting for unfinished jobs....
[0.893s] gmake[1]: *** [CMakeFiles/Makefile2:213: CMakeFiles/custom_msg__rosidl_generator_c.dir/all] Error 2
[0.893s] gmake[1]: *** Waiting for unfinished jobs....
[0.907s] [35m[1mConsolidate compiler generated dependencies of target custom_msg__rosidl_typesupport_cpp[0m
[0.914s] [ 20%] [32mBuilding CXX object CMakeFiles/custom_msg__rosidl_typesupport_cpp.dir/rosidl_typesupport_cpp/custom_msg/msg/brightness_status__type_support.cpp.o[0m
[0.915s] [ 23%] [32mBuilding CXX object CMakeFiles/custom_msg__rosidl_typesupport_cpp.dir/rosidl_typesupport_cpp/custom_msg/msg/bounding_box__type_support.cpp.o[0m
[0.933s] [35m[1mConsolidate compiler generated dependencies of target custom_msg__rosidl_typesupport_fastrtps_cpp[0m
[0.949s] [ 28%] [32mBuilding CXX object CMakeFiles/custom_msg__rosidl_typesupport_fastrtps_cpp.dir/rosidl_typesupport_fastrtps_cpp/custom_msg/msg/detail/dds_fastrtps/bounding_box__type_support.cpp.o[0m
[0.949s] [ 28%] [32mBuilding CXX object CMakeFiles/custom_msg__rosidl_typesupport_fastrtps_cpp.dir/rosidl_typesupport_fastrtps_cpp/custom_msg/msg/detail/dds_fastrtps/brightness_status__type_support.cpp.o[0m
[0.969s] In file included from [01m[K/home/migueloteo/Desktop/Software-Development/28-SDfR-FinalProject/sdfr_ws/build/custom_msg/rosidl_typesupport_cpp/custom_msg/msg/bounding_box__type_support.cpp:7[m[K:
[0.969s] [01m[K/home/migueloteo/Desktop/Software-Development/28-SDfR-FinalProject/sdfr_ws/build/custom_msg/rosidl_generator_cpp/custom_msg/msg/detail/bounding_box__struct.hpp:20:10:[m[K [01;31m[Kfatal error: [m[Kgeometry_msgs/msg/detail/point__struct.hpp: No such file or directory
[0.969s]    20 | #include [01;31m[K"geometry_msgs/msg/detail/point__struct.hpp"[m[K
[0.969s]       |          [01;31m[K^~~~~~~~~~~~~~~~~~~~~~~~~~~~~~~~~~~~~~~~~~~~[m[K
[0.969s] compilation terminated.
[0.969s] gmake[2]: *** [CMakeFiles/custom_msg__rosidl_typesupport_cpp.dir/build.make:104: CMakeFiles/custom_msg__rosidl_typesupport_cpp.dir/rosidl_typesupport_cpp/custom_msg/msg/bounding_box__type_support.cpp.o] Error 1
[0.970s] gmake[2]: *** Waiting for unfinished jobs....
[0.986s] [35m[1mConsolidate compiler generated dependencies of target custom_msg__rosidl_typesupport_introspection_cpp[0m
[0.995s] [ 30%] [32mBuilding CXX object CMakeFiles/custom_msg__rosidl_typesupport_introspection_cpp.dir/rosidl_typesupport_introspection_cpp/custom_msg/msg/detail/bounding_box__type_support.cpp.o[0m
[0.997s] [ 33%] [32mBuilding CXX object CMakeFiles/custom_msg__rosidl_typesupport_introspection_cpp.dir/rosidl_typesupport_introspection_cpp/custom_msg/msg/detail/brightness_status__type_support.cpp.o[0m
[0.997s] In file included from [01m[K/home/migueloteo/Desktop/Software-Development/28-SDfR-FinalProject/sdfr_ws/build/custom_msg/rosidl_typesupport_fastrtps_cpp/custom_msg/msg/detail/bounding_box__rosidl_typesupport_fastrtps_cpp.hpp:11[m[K,
[0.997s]                  from [01m[K/home/migueloteo/Desktop/Software-Development/28-SDfR-FinalProject/sdfr_ws/build/custom_msg/rosidl_typesupport_fastrtps_cpp/custom_msg/msg/detail/dds_fastrtps/bounding_box__type_support.cpp:4[m[K:
[0.997s] [01m[K/home/migueloteo/Desktop/Software-Development/28-SDfR-FinalProject/sdfr_ws/build/custom_msg/rosidl_generator_cpp/custom_msg/msg/detail/bounding_box__struct.hpp:20:10:[m[K [01;31m[Kfatal error: [m[Kgeometry_msgs/msg/detail/point__struct.hpp: No such file or directory
[0.997s]    20 | #include [01;31m[K"geometry_msgs/msg/detail/point__struct.hpp"[m[K
[0.997s]       |          [01;31m[K^~~~~~~~~~~~~~~~~~~~~~~~~~~~~~~~~~~~~~~~~~~~[m[K
[0.997s] compilation terminated.
[0.998s] gmake[2]: *** [CMakeFiles/custom_msg__rosidl_typesupport_fastrtps_cpp.dir/build.make:112: CMakeFiles/custom_msg__rosidl_typesupport_fastrtps_cpp.dir/rosidl_typesupport_fastrtps_cpp/custom_msg/msg/detail/dds_fastrtps/bounding_box__type_support.cpp.o] Error 1
[0.998s] gmake[2]: *** Waiting for unfinished jobs....
[1.027s] In file included from [01m[K/home/migueloteo/Desktop/Software-Development/28-SDfR-FinalProject/sdfr_ws/build/custom_msg/rosidl_typesupport_introspection_cpp/custom_msg/msg/detail/bounding_box__type_support.cpp:12[m[K:
[1.027s] [01m[K/home/migueloteo/Desktop/Software-Development/28-SDfR-FinalProject/sdfr_ws/build/custom_msg/rosidl_generator_cpp/custom_msg/msg/detail/bounding_box__struct.hpp:20:10:[m[K [01;31m[Kfatal error: [m[Kgeometry_msgs/msg/detail/point__struct.hpp: No such file or directory
[1.027s]    20 | #include [01;31m[K"geometry_msgs/msg/detail/point__struct.hpp"[m[K
[1.028s]       |          [01;31m[K^~~~~~~~~~~~~~~~~~~~~~~~~~~~~~~~~~~~~~~~~~~~[m[K
[1.028s] compilation terminated.
[1.028s] gmake[2]: *** [CMakeFiles/custom_msg__rosidl_typesupport_introspection_cpp.dir/build.make:112: CMakeFiles/custom_msg__rosidl_typesupport_introspection_cpp.dir/rosidl_typesupport_introspection_cpp/custom_msg/msg/detail/bounding_box__type_support.cpp.o] Error 1
[1.028s] gmake[2]: *** Waiting for unfinished jobs....
[1.062s] gmake[1]: *** [CMakeFiles/Makefile2:395: CMakeFiles/custom_msg__rosidl_typesupport_cpp.dir/all] Error 2
[1.184s] gmake[1]: *** [CMakeFiles/Makefile2:343: CMakeFiles/custom_msg__rosidl_typesupport_fastrtps_cpp.dir/all] Error 2
[1.209s] gmake[1]: *** [CMakeFiles/Makefile2:369: CMakeFiles/custom_msg__rosidl_typesupport_introspection_cpp.dir/all] Error 2
[1.209s] gmake: *** [Makefile:146: all] Error 2
[1.211s] Invoked command in '/home/migueloteo/Desktop/Software-Development/28-SDfR-FinalProject/sdfr_ws/build/custom_msg' returned '2': CMAKE_PREFIX_PATH=/opt/ros/humble /usr/bin/cmake --build /home/migueloteo/Desktop/Software-Development/28-SDfR-FinalProject/sdfr_ws/build/custom_msg -- -j12 -l12
