[0.007s] Invoking command in '/home/migueloteo/Desktop/Software-Development/28-SDfR-FinalProject/sdfr_ws/build/ros2_introduction': CMAKE_PREFIX_PATH=${CMAKE_PREFIX_PATH}:/opt/ros/humble /usr/bin/cmake /home/migueloteo/Desktop/Software-Development/28-SDfR-FinalProject/sdfr_ws/src/ros2-introduction -DCMAKE_INSTALL_PREFIX=/home/migueloteo/Desktop/Software-Development/28-SDfR-FinalProject/sdfr_ws/install/ros2_introduction
[0.044s] -- The C compiler identification is GNU 11.4.0
[0.080s] -- The CXX compiler identification is GNU 11.4.0
[0.085s] -- Detecting C compiler ABI info
[0.125s] -- Detecting C compiler ABI info - done
[0.130s] -- Check for working C compiler: /usr/bin/cc - skipped
[0.130s] -- Detecting C compile features
[0.130s] -- Detecting C compile features - done
[0.132s] -- Detecting CXX compiler ABI info
[0.179s] -- Detecting CXX compiler ABI info - done
[0.186s] -- Check for working CXX compiler: /usr/bin/c++ - skipped
[0.186s] -- Detecting CXX compile features
[0.186s] -- Detecting CXX compile features - done
[0.188s] -- Found ament_cmake: 1.3.8 (/opt/ros/humble/share/ament_cmake/cmake)
[0.281s] -- Found Python3: /usr/bin/python3 (found version "3.10.12") found components: Interpreter 
[0.331s] -- Found rclcpp: 16.0.8 (/opt/ros/humble/share/rclcpp/cmake)
[0.355s] -- Found rosidl_generator_c: 3.1.5 (/opt/ros/humble/share/rosidl_generator_c/cmake)
[0.357s] -- Found rosidl_adapter: 3.1.5 (/opt/ros/humble/share/rosidl_adapter/cmake)
[0.362s] -- Found rosidl_generator_cpp: 3.1.5 (/opt/ros/humble/share/rosidl_generator_cpp/cmake)
[0.369s] -- Using all available rosidl_typesupport_c: rosidl_typesupport_fastrtps_c;rosidl_typesupport_introspection_c
[0.380s] -- Using all available rosidl_typesupport_cpp: rosidl_typesupport_fastrtps_cpp;rosidl_typesupport_introspection_cpp
[0.420s] -- Found rmw_implementation_cmake: 6.1.1 (/opt/ros/humble/share/rmw_implementation_cmake/cmake)
[0.421s] -- Found rmw_fastrtps_cpp: 6.2.6 (/opt/ros/humble/share/rmw_fastrtps_cpp/cmake)
[0.479s] -- Found OpenSSL: /usr/lib/x86_64-linux-gnu/libcrypto.so (found version "3.0.2")  
[0.493s] -- Found FastRTPS: /opt/ros/humble/include  
[0.519s] -- Using RMW implementation 'rmw_fastrtps_cpp' as default
[0.524s] -- Looking for pthread.h
[0.568s] -- Looking for pthread.h - found
[0.568s] -- Performing Test CMAKE_HAVE_LIBC_PTHREAD
[0.609s] -- Performing Test CMAKE_HAVE_LIBC_PTHREAD - Success
[0.610s] -- Found Threads: TRUE  
[0.712s] -- Found sensor_msgs: 4.2.3 (/opt/ros/humble/share/sensor_msgs/cmake)
[0.809s] -- Found example_interfaces: 0.9.3 (/opt/ros/humble/share/example_interfaces/cmake)
[0.945s] -- Configuring done
[0.951s] -- Generating done
[0.952s] -- Build files have been written to: /home/migueloteo/Desktop/Software-Development/28-SDfR-FinalProject/sdfr_ws/build/ros2_introduction
[0.959s] Invoked command in '/home/migueloteo/Desktop/Software-Development/28-SDfR-FinalProject/sdfr_ws/build/ros2_introduction' returned '0': CMAKE_PREFIX_PATH=${CMAKE_PREFIX_PATH}:/opt/ros/humble /usr/bin/cmake /home/migueloteo/Desktop/Software-Development/28-SDfR-FinalProject/sdfr_ws/src/ros2-introduction -DCMAKE_INSTALL_PREFIX=/home/migueloteo/Desktop/Software-Development/28-SDfR-FinalProject/sdfr_ws/install/ros2_introduction
[0.960s] Invoking command in '/home/migueloteo/Desktop/Software-Development/28-SDfR-FinalProject/sdfr_ws/build/ros2_introduction': CMAKE_PREFIX_PATH=${CMAKE_PREFIX_PATH}:/opt/ros/humble /usr/bin/cmake --build /home/migueloteo/Desktop/Software-Development/28-SDfR-FinalProject/sdfr_ws/build/ros2_introduction -- -j12 -l12
[0.989s] [ 50%] [32mBuilding CXX object CMakeFiles/brightness_detection.dir/src/brightness_detection.cpp.o[0m
[5.783s] [100%] [32m[1mLinking CXX executable brightness_detection[0m
[5.996s] /usr/bin/ld: CMakeFiles/brightness_detection.dir/src/brightness_detection.cpp.o: in function `BrightnessDetection::image_callback(std::shared_ptr<sensor_msgs::msg::Image_<std::allocator<void> > const>)':
[5.996s] brightness_detection.cpp:(.text+0x6e9): undefined reference to `image_functions::getImageWidth(std::shared_ptr<sensor_msgs::msg::Image_<std::allocator<void> > const>)'
[5.996s] /usr/bin/ld: brightness_detection.cpp:(.text+0x70d): undefined reference to `image_functions::getImageHeight(std::shared_ptr<sensor_msgs::msg::Image_<std::allocator<void> > const>)'
[5.996s] /usr/bin/ld: brightness_detection.cpp:(.text+0x76a): undefined reference to `image_functions::getPixelBrightness(std::shared_ptr<sensor_msgs::msg::Image_<std::allocator<void> > const>, int, int)'
[5.996s] /usr/bin/ld: brightness_detection.cpp:(.text+0x79f): undefined reference to `image_functions::getImageWidth(std::shared_ptr<sensor_msgs::msg::Image_<std::allocator<void> > const>)'
[5.996s] /usr/bin/ld: brightness_detection.cpp:(.text+0x7db): undefined reference to `image_functions::getImageHeight(std::shared_ptr<sensor_msgs::msg::Image_<std::allocator<void> > const>)'
[6.018s] collect2: error: ld returned 1 exit status
[6.019s] gmake[2]: *** [CMakeFiles/brightness_detection.dir/build.make:199: brightness_detection] Error 1
[6.019s] gmake[1]: *** [CMakeFiles/Makefile2:137: CMakeFiles/brightness_detection.dir/all] Error 2
[6.020s] gmake: *** [Makefile:146: all] Error 2
[6.022s] Invoked command in '/home/migueloteo/Desktop/Software-Development/28-SDfR-FinalProject/sdfr_ws/build/ros2_introduction' returned '2': CMAKE_PREFIX_PATH=${CMAKE_PREFIX_PATH}:/opt/ros/humble /usr/bin/cmake --build /home/migueloteo/Desktop/Software-Development/28-SDfR-FinalProject/sdfr_ws/build/ros2_introduction -- -j12 -l12
