[0.008s] Invoking command in '/home/migueloteo/Desktop/Software-Development/28-SDfR-FinalProject/sdfr_ws/build/custom_msg': CMAKE_PREFIX_PATH=${CMAKE_PREFIX_PATH}:/opt/ros/humble /usr/bin/cmake --build /home/migueloteo/Desktop/Software-Development/28-SDfR-FinalProject/sdfr_ws/build/custom_msg -- -j12 -l12
[0.022s] -- Found rosidl_default_generators: 1.2.0 (/opt/ros/humble/share/rosidl_default_generators/cmake)
[0.022s] -- Found ament_cmake_core: 1.3.8 (/opt/ros/humble/share/ament_cmake_core/cmake)
[0.102s] -- Using all available rosidl_typesupport_c: rosidl_typesupport_fastrtps_c;rosidl_typesupport_introspection_c
[0.104s] -- Found rosidl_adapter: 3.1.5 (/opt/ros/humble/share/rosidl_adapter/cmake)
[0.125s] -- Using all available rosidl_typesupport_cpp: rosidl_typesupport_fastrtps_cpp;rosidl_typesupport_introspection_cpp
[0.141s] -- Found geometry_msgs: 4.2.3 (/opt/ros/humble/share/geometry_msgs/cmake)
[0.345s] -- Found ament_cmake_ros: 0.10.0 (/opt/ros/humble/share/ament_cmake_ros/cmake)
[0.452s] -- Using all available rosidl_typesupport_c: rosidl_typesupport_fastrtps_c;rosidl_typesupport_introspection_c
[0.600s] -- Using all available rosidl_typesupport_cpp: rosidl_typesupport_fastrtps_cpp;rosidl_typesupport_introspection_cpp
[0.615s] -- Found python_cmake_module: 0.10.0 (/opt/ros/humble/share/python_cmake_module/cmake)
[0.627s] -- Using PYTHON_EXECUTABLE: /usr/bin/python3
[0.627s] -- Using PYTHON_INCLUDE_DIRS: /usr/include/python3.10
[0.627s] -- Using PYTHON_LIBRARIES: /usr/lib/x86_64-linux-gnu/libpython3.10.so
[0.634s] -- Found ament_lint_auto: 0.12.10 (/opt/ros/humble/share/ament_lint_auto/cmake)
[0.638s] -- Added test 'copyright' to check source files copyright and LICENSE
[0.639s] -- Added test 'lint_cmake' to check CMake code style
[0.640s] -- Added test 'xmllint' to check XML markup files
[0.641s] -- Configuring done
[0.656s] -- Generating done
[0.658s] -- Build files have been written to: /home/migueloteo/Desktop/Software-Development/28-SDfR-FinalProject/sdfr_ws/build/custom_msg
[0.675s] [35m[1mConsolidate compiler generated dependencies of target custom_msg__rosidl_generator_c[0m
[0.678s] [  2%] Built target custom_msg__cpp
[0.684s] [  5%] [32mBuilding C object CMakeFiles/custom_msg__rosidl_generator_c.dir/rosidl_generator_c/custom_msg/msg/detail/bounding_box__functions.c.o[0m
[0.684s] [35m[1mConsolidate compiler generated dependencies of target custom_msg__rosidl_typesupport_cpp[0m
[0.687s] [35m[1mConsolidate compiler generated dependencies of target custom_msg__rosidl_typesupport_introspection_cpp[0m
[0.687s] [35m[1mConsolidate compiler generated dependencies of target custom_msg__rosidl_typesupport_fastrtps_cpp[0m
[0.691s] [  5%] Built target ament_cmake_python_copy_custom_msg
[0.691s] [  7%] [32mBuilding CXX object CMakeFiles/custom_msg__rosidl_typesupport_cpp.dir/rosidl_typesupport_cpp/custom_msg/msg/bounding_box__type_support.cpp.o[0m
[0.695s] In file included from [01m[K/home/migueloteo/Desktop/Software-Development/28-SDfR-FinalProject/sdfr_ws/build/custom_msg/rosidl_generator_c/custom_msg/msg/detail/bounding_box__functions.h:19[m[K,
[0.695s]                  from [01m[K/home/migueloteo/Desktop/Software-Development/28-SDfR-FinalProject/sdfr_ws/build/custom_msg/rosidl_generator_c/custom_msg/msg/detail/bounding_box__functions.c:4[m[K:
[0.695s] [01m[K/home/migueloteo/Desktop/Software-Development/28-SDfR-FinalProject/sdfr_ws/build/custom_msg/rosidl_generator_c/custom_msg/msg/detail/bounding_box__struct.h:22:10:[m[K [01;31m[Kfatal error: [m[Kgeometry_msgs/msg/detail/point__struct.h: No such file or directory
[0.695s]    22 | #include [01;31m[K"geometry_msgs/msg/detail/point__struct.h"[m[K
[0.695s]       |          [01;31m[K^~~~~~~~~~~~~~~~~~~~~~~~~~~~~~~~~~~~~~~~~~[m[K
[0.695s] compilation terminated.
[0.696s] gmake[2]: *** [CMakeFiles/custom_msg__rosidl_generator_c.dir/build.make:135: CMakeFiles/custom_msg__rosidl_generator_c.dir/rosidl_generator_c/custom_msg/msg/detail/bounding_box__functions.c.o] Error 1
[0.696s] [ 10%] [32mBuilding CXX object CMakeFiles/custom_msg__rosidl_typesupport_introspection_cpp.dir/rosidl_typesupport_introspection_cpp/custom_msg/msg/detail/bounding_box__type_support.cpp.o[0m
[0.696s] gmake[1]: *** [CMakeFiles/Makefile2:213: CMakeFiles/custom_msg__rosidl_generator_c.dir/all] Error 2
[0.696s] gmake[1]: *** Waiting for unfinished jobs....
[0.698s] [ 12%] [32mBuilding CXX object CMakeFiles/custom_msg__rosidl_typesupport_fastrtps_cpp.dir/rosidl_typesupport_fastrtps_cpp/custom_msg/msg/detail/dds_fastrtps/bounding_box__type_support.cpp.o[0m
[0.721s] In file included from [01m[K/home/migueloteo/Desktop/Software-Development/28-SDfR-FinalProject/sdfr_ws/build/custom_msg/rosidl_typesupport_cpp/custom_msg/msg/bounding_box__type_support.cpp:7[m[K:
[0.721s] [01m[K/home/migueloteo/Desktop/Software-Development/28-SDfR-FinalProject/sdfr_ws/build/custom_msg/rosidl_generator_cpp/custom_msg/msg/detail/bounding_box__struct.hpp:20:10:[m[K [01;31m[Kfatal error: [m[Kgeometry_msgs/msg/detail/point__struct.hpp: No such file or directory
[0.721s]    20 | #include [01;31m[K"geometry_msgs/msg/detail/point__struct.hpp"[m[K
[0.721s]       |          [01;31m[K^~~~~~~~~~~~~~~~~~~~~~~~~~~~~~~~~~~~~~~~~~~~[m[K
[0.721s] compilation terminated.
[0.721s] gmake[2]: *** [CMakeFiles/custom_msg__rosidl_typesupport_cpp.dir/build.make:104: CMakeFiles/custom_msg__rosidl_typesupport_cpp.dir/rosidl_typesupport_cpp/custom_msg/msg/bounding_box__type_support.cpp.o] Error 1
[0.722s] gmake[1]: *** [CMakeFiles/Makefile2:395: CMakeFiles/custom_msg__rosidl_typesupport_cpp.dir/all] Error 2
[0.730s] In file included from [01m[K/home/migueloteo/Desktop/Software-Development/28-SDfR-FinalProject/sdfr_ws/build/custom_msg/rosidl_typesupport_introspection_cpp/custom_msg/msg/detail/bounding_box__type_support.cpp:12[m[K:
[0.731s] [01m[K/home/migueloteo/Desktop/Software-Development/28-SDfR-FinalProject/sdfr_ws/build/custom_msg/rosidl_generator_cpp/custom_msg/msg/detail/bounding_box__struct.hpp:20:10:[m[K [01;31m[Kfatal error: [m[Kgeometry_msgs/msg/detail/point__struct.hpp: No such file or directory
[0.731s]    20 | #include [01;31m[K"geometry_msgs/msg/detail/point__struct.hpp"[m[K
[0.731s]       |          [01;31m[K^~~~~~~~~~~~~~~~~~~~~~~~~~~~~~~~~~~~~~~~~~~~[m[K
[0.731s] compilation terminated.
[0.732s] gmake[2]: *** [CMakeFiles/custom_msg__rosidl_typesupport_introspection_cpp.dir/build.make:112: CMakeFiles/custom_msg__rosidl_typesupport_introspection_cpp.dir/rosidl_typesupport_introspection_cpp/custom_msg/msg/detail/bounding_box__type_support.cpp.o] Error 1
[0.732s] gmake[1]: *** [CMakeFiles/Makefile2:369: CMakeFiles/custom_msg__rosidl_typesupport_introspection_cpp.dir/all] Error 2
[0.736s] In file included from [01m[K/home/migueloteo/Desktop/Software-Development/28-SDfR-FinalProject/sdfr_ws/build/custom_msg/rosidl_typesupport_fastrtps_cpp/custom_msg/msg/detail/bounding_box__rosidl_typesupport_fastrtps_cpp.hpp:11[m[K,
[0.736s]                  from [01m[K/home/migueloteo/Desktop/Software-Development/28-SDfR-FinalProject/sdfr_ws/build/custom_msg/rosidl_typesupport_fastrtps_cpp/custom_msg/msg/detail/dds_fastrtps/bounding_box__type_support.cpp:4[m[K:
[0.736s] [01m[K/home/migueloteo/Desktop/Software-Development/28-SDfR-FinalProject/sdfr_ws/build/custom_msg/rosidl_generator_cpp/custom_msg/msg/detail/bounding_box__struct.hpp:20:10:[m[K [01;31m[Kfatal error: [m[Kgeometry_msgs/msg/detail/point__struct.hpp: No such file or directory
[0.737s]    20 | #include [01;31m[K"geometry_msgs/msg/detail/point__struct.hpp"[m[K
[0.737s]       |          [01;31m[K^~~~~~~~~~~~~~~~~~~~~~~~~~~~~~~~~~~~~~~~~~~~[m[K
[0.737s] compilation terminated.
[0.737s] gmake[2]: *** [CMakeFiles/custom_msg__rosidl_typesupport_fastrtps_cpp.dir/build.make:112: CMakeFiles/custom_msg__rosidl_typesupport_fastrtps_cpp.dir/rosidl_typesupport_fastrtps_cpp/custom_msg/msg/detail/dds_fastrtps/bounding_box__type_support.cpp.o] Error 1
[0.737s] gmake[1]: *** [CMakeFiles/Makefile2:343: CMakeFiles/custom_msg__rosidl_typesupport_fastrtps_cpp.dir/all] Error 2
[0.859s] running egg_info
[0.859s] writing custom_msg.egg-info/PKG-INFO
[0.859s] writing dependency_links to custom_msg.egg-info/dependency_links.txt
[0.859s] writing top-level names to custom_msg.egg-info/top_level.txt
[0.860s] reading manifest file 'custom_msg.egg-info/SOURCES.txt'
[0.861s] writing manifest file 'custom_msg.egg-info/SOURCES.txt'
[0.877s] [ 12%] Built target ament_cmake_python_build_custom_msg_egg
[0.877s] gmake: *** [Makefile:146: all] Error 2
[0.879s] Invoked command in '/home/migueloteo/Desktop/Software-Development/28-SDfR-FinalProject/sdfr_ws/build/custom_msg' returned '2': CMAKE_PREFIX_PATH=${CMAKE_PREFIX_PATH}:/opt/ros/humble /usr/bin/cmake --build /home/migueloteo/Desktop/Software-Development/28-SDfR-FinalProject/sdfr_ws/build/custom_msg -- -j12 -l12
