[0.007s] Invoking command in '/home/migueloteo/Desktop/Software-Development/28-SDfR-FinalProject/sdfr_ws/build/ros2_ball_detection': AMENT_PREFIX_PATH=/home/migueloteo/Desktop/Software-Development/28-SDfR-FinalProject/sdfr_ws/install/custom_msg:${AMENT_PREFIX_PATH} CMAKE_PREFIX_PATH=/home/migueloteo/Desktop/Software-Development/28-SDfR-FinalProject/sdfr_ws/install/custom_msg:/opt/ros/humble LD_LIBRARY_PATH=/home/migueloteo/Desktop/Software-Development/28-SDfR-FinalProject/sdfr_ws/install/custom_msg/lib:${LD_LIBRARY_PATH} PYTHONPATH=/home/migueloteo/Desktop/Software-Development/28-SDfR-FinalProject/sdfr_ws/install/custom_msg/local/lib/python3.10/dist-packages:${PYTHONPATH} /usr/bin/cmake --build /home/migueloteo/Desktop/Software-Development/28-SDfR-FinalProject/sdfr_ws/build/ros2_ball_detection -- -j12 -l12
[0.032s] [35m[1mConsolidate compiler generated dependencies of target ball_detection[0m
[0.043s] [ 50%] [32mBuilding CXX object CMakeFiles/ball_detection.dir/src/BallDetection.cpp.o[0m
[1.614s] [01m[K/home/migueloteo/Desktop/Software-Development/28-SDfR-FinalProject/sdfr_ws/src/ros2_ball_detection/src/BallDetection.cpp:[m[K In member function ‘[01m[Kcv::Mat BallDetection::detect_balls(const cv::Mat&)[m[K’:
[1.614s] [01m[K/home/migueloteo/Desktop/Software-Development/28-SDfR-FinalProject/sdfr_ws/src/ros2_ball_detection/src/BallDetection.cpp:79:17:[m[K [01;31m[Kerror: [m[K‘[01m[KBoundingBox[m[K’ is not a member of ‘[01m[Kcustom_msg[m[K’; did you mean ‘[01m[Kcustom_msg::msg::BoundingBox[m[K’?
[1.614s]    79 |     custom_msg::[01;31m[KBoundingBox[m[K bounding_box_msg;
[1.614s]       |                 [01;31m[K^~~~~~~~~~~[m[K
[1.614s] In file included from [01m[K/home/migueloteo/Desktop/Software-Development/28-SDfR-FinalProject/sdfr_ws/install/custom_msg/include/custom_msg/custom_msg/msg/bounding_box.hpp:7[m[K,
[1.614s]                  from [01m[K/home/migueloteo/Desktop/Software-Development/28-SDfR-FinalProject/sdfr_ws/src/ros2_ball_detection/src/../include/ros2_ball_detection/BallDetection.hpp:6[m[K,
[1.614s]                  from [01m[K/home/migueloteo/Desktop/Software-Development/28-SDfR-FinalProject/sdfr_ws/src/ros2_ball_detection/src/BallDetection.cpp:6[m[K:
[1.614s] [01m[K/home/migueloteo/Desktop/Software-Development/28-SDfR-FinalProject/sdfr_ws/install/custom_msg/include/custom_msg/custom_msg/msg/detail/bounding_box__struct.hpp:178:7:[m[K [01;36m[Knote: [m[K‘[01m[Kcustom_msg::msg::BoundingBox[m[K’ declared here
[1.614s]   178 | using [01;36m[KBoundingBox[m[K =
[1.614s]       |       [01;36m[K^~~~~~~~~~~[m[K
[1.622s] [01m[K/home/migueloteo/Desktop/Software-Development/28-SDfR-FinalProject/sdfr_ws/src/ros2_ball_detection/src/BallDetection.cpp:80:5:[m[K [01;31m[Kerror: [m[K‘[01m[Kbounding_box_msg[m[K’ was not declared in this scope
[1.622s]    80 |     [01;31m[Kbounding_box_msg[m[K.ball_found = !contours.empty(); // Check if any contours were found
[1.622s]       |     [01;31m[K^~~~~~~~~~~~~~~~[m[K
[1.627s] [01m[K/home/migueloteo/Desktop/Software-Development/28-SDfR-FinalProject/sdfr_ws/src/ros2_ball_detection/src/BallDetection.cpp:101:13:[m[K [01;31m[Kerror: [m[K‘[01m[Kpublisher[m[K’ was not declared in this scope; did you mean ‘[01m[Kpublisher_[m[K’?
[1.627s]   101 |             [01;31m[Kpublisher[m[K.publish(bounding_box_msg);
[1.627s]       |             [01;31m[K^~~~~~~~~[m[K
[1.627s]       |             [32m[Kpublisher_[m[K
[1.627s] [01m[K/home/migueloteo/Desktop/Software-Development/28-SDfR-FinalProject/sdfr_ws/src/ros2_ball_detection/src/BallDetection.cpp:[m[K In member function ‘[01m[Kvoid BallDetection::publish_debug_image(const cv::Mat&)[m[K’:
[1.627s] [01m[K/home/migueloteo/Desktop/Software-Development/28-SDfR-FinalProject/sdfr_ws/src/ros2_ball_detection/src/BallDetection.cpp:111:56:[m[K [01;35m[Kwarning: [m[Kunused parameter ‘[01m[Kimage[m[K’ [[01;35m[K]8;;https://gcc.gnu.org/onlinedocs/gcc/Warning-Options.html#index-Wunused-parameter-Wunused-parameter]8;;[m[K]
[1.628s]   111 | void BallDetection::publish_debug_image([01;35m[Kconst cv::Mat& image[m[K)
[1.628s]       |                                         [01;35m[K~~~~~~~~~~~~~~~^~~~~[m[K
[3.130s] gmake[2]: *** [CMakeFiles/ball_detection.dir/build.make:76: CMakeFiles/ball_detection.dir/src/BallDetection.cpp.o] Error 1
[3.130s] gmake[1]: *** [CMakeFiles/Makefile2:137: CMakeFiles/ball_detection.dir/all] Error 2
[3.130s] gmake: *** [Makefile:146: all] Error 2
