[0.008s] Invoking command in '/home/migueloteo/Desktop/Software-Development/28-SDfR-FinalProject/sdfr_ws/build/ros2_ball_detection': AMENT_PREFIX_PATH=/home/migueloteo/Desktop/Software-Development/28-SDfR-FinalProject/sdfr_ws/install/custom_msg:${AMENT_PREFIX_PATH} CMAKE_PREFIX_PATH=/home/migueloteo/Desktop/Software-Development/28-SDfR-FinalProject/sdfr_ws/install/custom_msg:/opt/ros/humble LD_LIBRARY_PATH=/home/migueloteo/Desktop/Software-Development/28-SDfR-FinalProject/sdfr_ws/install/custom_msg/lib:${LD_LIBRARY_PATH} PYTHONPATH=/home/migueloteo/Desktop/Software-Development/28-SDfR-FinalProject/sdfr_ws/install/custom_msg/local/lib/python3.10/dist-packages:${PYTHONPATH} /usr/bin/cmake --build /home/migueloteo/Desktop/Software-Development/28-SDfR-FinalProject/sdfr_ws/build/ros2_ball_detection -- -j12 -l12
[0.024s] -- Found ament_cmake: 1.3.8 (/opt/ros/humble/share/ament_cmake/cmake)
[0.110s] -- Found rclcpp: 16.0.8 (/opt/ros/humble/share/rclcpp/cmake)
[0.131s] -- Found rosidl_generator_c: 3.1.5 (/opt/ros/humble/share/rosidl_generator_c/cmake)
[0.132s] -- Found rosidl_adapter: 3.1.5 (/opt/ros/humble/share/rosidl_adapter/cmake)
[0.136s] -- Found rosidl_generator_cpp: 3.1.5 (/opt/ros/humble/share/rosidl_generator_cpp/cmake)
[0.145s] -- Using all available rosidl_typesupport_c: rosidl_typesupport_fastrtps_c;rosidl_typesupport_introspection_c
[0.154s] -- Using all available rosidl_typesupport_cpp: rosidl_typesupport_fastrtps_cpp;rosidl_typesupport_introspection_cpp
[0.192s] -- Found rmw_implementation_cmake: 6.1.1 (/opt/ros/humble/share/rmw_implementation_cmake/cmake)
[0.193s] -- Found rmw_fastrtps_cpp: 6.2.6 (/opt/ros/humble/share/rmw_fastrtps_cpp/cmake)
[0.276s] -- Using RMW implementation 'rmw_fastrtps_cpp' as default
[0.372s] -- Found sensor_msgs: 4.2.3 (/opt/ros/humble/share/sensor_msgs/cmake)
[0.447s] -- Found custom_msg: 0.0.0 (/home/migueloteo/Desktop/Software-Development/28-SDfR-FinalProject/sdfr_ws/install/custom_msg/share/custom_msg/cmake)
[0.456s] -- Found cv_bridge: 3.2.1 (/opt/ros/humble/share/cv_bridge/cmake)
[0.464s] -- Found image_transport: 3.1.8 (/opt/ros/humble/share/image_transport/cmake)
[0.528s] -- Configuring done
[0.536s] -- Generating done
[0.537s] -- Build files have been written to: /home/migueloteo/Desktop/Software-Development/28-SDfR-FinalProject/sdfr_ws/build/ros2_ball_detection
[0.558s] [ 50%] [32mBuilding CXX object CMakeFiles/ball_detection.dir/src/BallDetection.cpp.o[0m
[5.482s] [100%] [32m[1mLinking CXX executable ball_detection[0m
[5.859s] [100%] Built target ball_detection
[5.867s] Invoked command in '/home/migueloteo/Desktop/Software-Development/28-SDfR-FinalProject/sdfr_ws/build/ros2_ball_detection' returned '0': AMENT_PREFIX_PATH=/home/migueloteo/Desktop/Software-Development/28-SDfR-FinalProject/sdfr_ws/install/custom_msg:${AMENT_PREFIX_PATH} CMAKE_PREFIX_PATH=/home/migueloteo/Desktop/Software-Development/28-SDfR-FinalProject/sdfr_ws/install/custom_msg:/opt/ros/humble LD_LIBRARY_PATH=/home/migueloteo/Desktop/Software-Development/28-SDfR-FinalProject/sdfr_ws/install/custom_msg/lib:${LD_LIBRARY_PATH} PYTHONPATH=/home/migueloteo/Desktop/Software-Development/28-SDfR-FinalProject/sdfr_ws/install/custom_msg/local/lib/python3.10/dist-packages:${PYTHONPATH} /usr/bin/cmake --build /home/migueloteo/Desktop/Software-Development/28-SDfR-FinalProject/sdfr_ws/build/ros2_ball_detection -- -j12 -l12
[5.880s] Invoking command in '/home/migueloteo/Desktop/Software-Development/28-SDfR-FinalProject/sdfr_ws/build/ros2_ball_detection': AMENT_PREFIX_PATH=/home/migueloteo/Desktop/Software-Development/28-SDfR-FinalProject/sdfr_ws/install/custom_msg:${AMENT_PREFIX_PATH} CMAKE_PREFIX_PATH=/home/migueloteo/Desktop/Software-Development/28-SDfR-FinalProject/sdfr_ws/install/custom_msg:/opt/ros/humble LD_LIBRARY_PATH=/home/migueloteo/Desktop/Software-Development/28-SDfR-FinalProject/sdfr_ws/install/custom_msg/lib:${LD_LIBRARY_PATH} PYTHONPATH=/home/migueloteo/Desktop/Software-Development/28-SDfR-FinalProject/sdfr_ws/install/custom_msg/local/lib/python3.10/dist-packages:${PYTHONPATH} /usr/bin/cmake --install /home/migueloteo/Desktop/Software-Development/28-SDfR-FinalProject/sdfr_ws/build/ros2_ball_detection
[5.884s] -- Install configuration: ""
[5.884s] -- Installing: /home/migueloteo/Desktop/Software-Development/28-SDfR-FinalProject/sdfr_ws/install/ros2_ball_detection/lib/ros2_ball_detection/ball_detection
[5.887s] -- Set runtime path of "/home/migueloteo/Desktop/Software-Development/28-SDfR-FinalProject/sdfr_ws/install/ros2_ball_detection/lib/ros2_ball_detection/ball_detection" to ""
[5.887s] -- Up-to-date: /home/migueloteo/Desktop/Software-Development/28-SDfR-FinalProject/sdfr_ws/install/ros2_ball_detection/include
[5.887s] -- Up-to-date: /home/migueloteo/Desktop/Software-Development/28-SDfR-FinalProject/sdfr_ws/install/ros2_ball_detection/include/ros2_ball_detection
[5.887s] -- Installing: /home/migueloteo/Desktop/Software-Development/28-SDfR-FinalProject/sdfr_ws/install/ros2_ball_detection/include/ros2_ball_detection/BallDetection.hpp
[5.887s] -- Up-to-date: /home/migueloteo/Desktop/Software-Development/28-SDfR-FinalProject/sdfr_ws/install/ros2_ball_detection/share/ament_index/resource_index/package_run_dependencies/ros2_ball_detection
[5.887s] -- Up-to-date: /home/migueloteo/Desktop/Software-Development/28-SDfR-FinalProject/sdfr_ws/install/ros2_ball_detection/share/ament_index/resource_index/parent_prefix_path/ros2_ball_detection
[5.887s] -- Up-to-date: /home/migueloteo/Desktop/Software-Development/28-SDfR-FinalProject/sdfr_ws/install/ros2_ball_detection/share/ros2_ball_detection/environment/ament_prefix_path.sh
[5.887s] -- Installing: /home/migueloteo/Desktop/Software-Development/28-SDfR-FinalProject/sdfr_ws/install/ros2_ball_detection/share/ros2_ball_detection/environment/ament_prefix_path.dsv
[5.887s] -- Up-to-date: /home/migueloteo/Desktop/Software-Development/28-SDfR-FinalProject/sdfr_ws/install/ros2_ball_detection/share/ros2_ball_detection/environment/path.sh
[5.887s] -- Installing: /home/migueloteo/Desktop/Software-Development/28-SDfR-FinalProject/sdfr_ws/install/ros2_ball_detection/share/ros2_ball_detection/environment/path.dsv
[5.887s] -- Up-to-date: /home/migueloteo/Desktop/Software-Development/28-SDfR-FinalProject/sdfr_ws/install/ros2_ball_detection/share/ros2_ball_detection/local_setup.bash
[5.887s] -- Up-to-date: /home/migueloteo/Desktop/Software-Development/28-SDfR-FinalProject/sdfr_ws/install/ros2_ball_detection/share/ros2_ball_detection/local_setup.sh
[5.887s] -- Up-to-date: /home/migueloteo/Desktop/Software-Development/28-SDfR-FinalProject/sdfr_ws/install/ros2_ball_detection/share/ros2_ball_detection/local_setup.zsh
[5.888s] -- Installing: /home/migueloteo/Desktop/Software-Development/28-SDfR-FinalProject/sdfr_ws/install/ros2_ball_detection/share/ros2_ball_detection/local_setup.dsv
[5.888s] -- Installing: /home/migueloteo/Desktop/Software-Development/28-SDfR-FinalProject/sdfr_ws/install/ros2_ball_detection/share/ros2_ball_detection/package.dsv
[5.888s] -- Up-to-date: /home/migueloteo/Desktop/Software-Development/28-SDfR-FinalProject/sdfr_ws/install/ros2_ball_detection/share/ament_index/resource_index/packages/ros2_ball_detection
[5.888s] -- Up-to-date: /home/migueloteo/Desktop/Software-Development/28-SDfR-FinalProject/sdfr_ws/install/ros2_ball_detection/share/ros2_ball_detection/cmake/ros2_ball_detectionConfig.cmake
[5.888s] -- Up-to-date: /home/migueloteo/Desktop/Software-Development/28-SDfR-FinalProject/sdfr_ws/install/ros2_ball_detection/share/ros2_ball_detection/cmake/ros2_ball_detectionConfig-version.cmake
[5.888s] -- Up-to-date: /home/migueloteo/Desktop/Software-Development/28-SDfR-FinalProject/sdfr_ws/install/ros2_ball_detection/share/ros2_ball_detection/package.xml
[5.889s] Invoked command in '/home/migueloteo/Desktop/Software-Development/28-SDfR-FinalProject/sdfr_ws/build/ros2_ball_detection' returned '0': AMENT_PREFIX_PATH=/home/migueloteo/Desktop/Software-Development/28-SDfR-FinalProject/sdfr_ws/install/custom_msg:${AMENT_PREFIX_PATH} CMAKE_PREFIX_PATH=/home/migueloteo/Desktop/Software-Development/28-SDfR-FinalProject/sdfr_ws/install/custom_msg:/opt/ros/humble LD_LIBRARY_PATH=/home/migueloteo/Desktop/Software-Development/28-SDfR-FinalProject/sdfr_ws/install/custom_msg/lib:${LD_LIBRARY_PATH} PYTHONPATH=/home/migueloteo/Desktop/Software-Development/28-SDfR-FinalProject/sdfr_ws/install/custom_msg/local/lib/python3.10/dist-packages:${PYTHONPATH} /usr/bin/cmake --install /home/migueloteo/Desktop/Software-Development/28-SDfR-FinalProject/sdfr_ws/build/ros2_ball_detection
