-- Found rosidl_default_generators: 1.2.0 (/opt/ros/humble/share/rosidl_default_generators/cmake)
-- Found ament_cmake_core: 1.3.8 (/opt/ros/humble/share/ament_cmake_core/cmake)
-- Using all available rosidl_typesupport_c: rosidl_typesupport_fastrtps_c;rosidl_typesupport_introspection_c
-- Found rosidl_adapter: 3.1.5 (/opt/ros/humble/share/rosidl_adapter/cmake)
-- Using all available rosidl_typesupport_cpp: rosidl_typesupport_fastrtps_cpp;rosidl_typesupport_introspection_cpp
-- Found ament_cmake_ros: 0.10.0 (/opt/ros/humble/share/ament_cmake_ros/cmake)
-- Using all available rosidl_typesupport_c: rosidl_typesupport_fastrtps_c;rosidl_typesupport_introspection_c
-- Using all available rosidl_typesupport_cpp: rosidl_typesupport_fastrtps_cpp;rosidl_typesupport_introspection_cpp
-- Found python_cmake_module: 0.10.0 (/opt/ros/humble/share/python_cmake_module/cmake)
-- Using PYTHON_EXECUTABLE: /usr/bin/python3
-- Using PYTHON_INCLUDE_DIRS: /usr/include/python3.10
-- Using PYTHON_LIBRARIES: /usr/lib/x86_64-linux-gnu/libpython3.10.so
-- Found ament_lint_auto: 0.12.10 (/opt/ros/humble/share/ament_lint_auto/cmake)
-- Added test 'copyright' to check source files copyright and LICENSE
-- Added test 'lint_cmake' to check CMake code style
-- Added test 'xmllint' to check XML markup files
-- Configuring done
-- Generating done
-- Build files have been written to: /home/migueloteo/Desktop/Software-Development/28-SDfR-FinalProject/sdfr_ws/build/custom_msg
[35m[1mConsolidate compiler generated dependencies of target custom_msg__rosidl_generator_c[0m
[  2%] Built target custom_msg__cpp
[  5%] [32mBuilding C object CMakeFiles/custom_msg__rosidl_generator_c.dir/rosidl_generator_c/custom_msg/msg/detail/bounding_box__functions.c.o[0m
[35m[1mConsolidate compiler generated dependencies of target custom_msg__rosidl_typesupport_cpp[0m
[  5%] Built target ament_cmake_python_copy_custom_msg
[35m[1mConsolidate compiler generated dependencies of target custom_msg__rosidl_typesupport_introspection_cpp[0m
[35m[1mConsolidate compiler generated dependencies of target custom_msg__rosidl_typesupport_fastrtps_cpp[0m
[  7%] [32mBuilding CXX object CMakeFiles/custom_msg__rosidl_typesupport_cpp.dir/rosidl_typesupport_cpp/custom_msg/msg/bounding_box__type_support.cpp.o[0m
[ 12%] [32mBuilding CXX object CMakeFiles/custom_msg__rosidl_typesupport_introspection_cpp.dir/rosidl_typesupport_introspection_cpp/custom_msg/msg/detail/bounding_box__type_support.cpp.o[0m
[ 12%] [32mBuilding CXX object CMakeFiles/custom_msg__rosidl_typesupport_fastrtps_cpp.dir/rosidl_typesupport_fastrtps_cpp/custom_msg/msg/detail/dds_fastrtps/bounding_box__type_support.cpp.o[0m
running egg_info
writing custom_msg.egg-info/PKG-INFO
writing dependency_links to custom_msg.egg-info/dependency_links.txt
writing top-level names to custom_msg.egg-info/top_level.txt
reading manifest file 'custom_msg.egg-info/SOURCES.txt'
writing manifest file 'custom_msg.egg-info/SOURCES.txt'
[ 12%] Built target ament_cmake_python_build_custom_msg_egg
