[0.007s] Invoking command in '/home/migueloteo/Desktop/Software-Development/28-SDfR-FinalProject/sdfr_ws/build/custom_msg': CMAKE_PREFIX_PATH=/opt/ros/humble /usr/bin/cmake --build /home/migueloteo/Desktop/Software-Development/28-SDfR-FinalProject/sdfr_ws/build/custom_msg -- -j12 -l12
[0.023s] -- Found rosidl_default_generators: 1.2.0 (/opt/ros/humble/share/rosidl_default_generators/cmake)
[0.023s] -- Found ament_cmake_core: 1.3.8 (/opt/ros/humble/share/ament_cmake_core/cmake)
[0.097s] -- Using all available rosidl_typesupport_c: rosidl_typesupport_fastrtps_c;rosidl_typesupport_introspection_c
[0.099s] -- Found rosidl_adapter: 3.1.5 (/opt/ros/humble/share/rosidl_adapter/cmake)
[0.119s] -- Using all available rosidl_typesupport_cpp: rosidl_typesupport_fastrtps_cpp;rosidl_typesupport_introspection_cpp
[0.133s] -- Found geometry_msgs: 4.2.3 (/opt/ros/humble/share/geometry_msgs/cmake)
[0.330s] -- Found ament_cmake_ros: 0.10.0 (/opt/ros/humble/share/ament_cmake_ros/cmake)
[0.428s] -- Using all available rosidl_typesupport_c: rosidl_typesupport_fastrtps_c;rosidl_typesupport_introspection_c
[0.577s] -- Using all available rosidl_typesupport_cpp: rosidl_typesupport_fastrtps_cpp;rosidl_typesupport_introspection_cpp
[0.590s] -- Found python_cmake_module: 0.10.0 (/opt/ros/humble/share/python_cmake_module/cmake)
[0.604s] -- Using PYTHON_EXECUTABLE: /usr/bin/python3
[0.604s] -- Using PYTHON_INCLUDE_DIRS: /usr/include/python3.10
[0.604s] -- Using PYTHON_LIBRARIES: /usr/lib/x86_64-linux-gnu/libpython3.10.so
[0.610s] -- Found ament_lint_auto: 0.12.10 (/opt/ros/humble/share/ament_lint_auto/cmake)
[0.614s] -- Added test 'copyright' to check source files copyright and LICENSE
[0.615s] -- Added test 'lint_cmake' to check CMake code style
[0.615s] -- Added test 'xmllint' to check XML markup files
[0.616s] -- Configuring done
[0.632s] -- Generating done
[0.634s] -- Build files have been written to: /home/migueloteo/Desktop/Software-Development/28-SDfR-FinalProject/sdfr_ws/build/custom_msg
[0.651s] [  2%] [34m[1mGenerating C code for ROS interfaces[0m
[0.655s] [  5%] [34m[1mGenerating C++ code for ROS interfaces[0m
[0.664s] [  5%] Built target ament_cmake_python_copy_custom_msg
[0.792s] running egg_info
[0.792s] writing custom_msg.egg-info/PKG-INFO
[0.792s] writing dependency_links to custom_msg.egg-info/dependency_links.txt
[0.792s] writing top-level names to custom_msg.egg-info/top_level.txt
[0.793s] reading manifest file 'custom_msg.egg-info/SOURCES.txt'
[0.794s] writing manifest file 'custom_msg.egg-info/SOURCES.txt'
[0.810s] [  5%] Built target ament_cmake_python_build_custom_msg_egg
[0.823s] [  5%] Built target custom_msg__cpp
[0.829s] [ 10%] [34m[1mGenerating C++ type support for eProsima Fast-RTPS[0m
[0.829s] [ 10%] [34m[1mGenerating C++ type support dispatch for ROS interfaces[0m
[0.831s] [ 12%] [34m[1mGenerating C++ introspection for ROS interfaces[0m
[0.944s] [35m[1mConsolidate compiler generated dependencies of target custom_msg__rosidl_generator_c[0m
[0.957s] [ 15%] [32mBuilding C object CMakeFiles/custom_msg__rosidl_generator_c.dir/rosidl_generator_c/custom_msg/msg/detail/bounding_box__functions.c.o[0m
[0.957s] [ 17%] [32mBuilding C object CMakeFiles/custom_msg__rosidl_generator_c.dir/rosidl_generator_c/custom_msg/msg/detail/brightness_status__functions.c.o[0m
[0.970s] In file included from [01m[K/home/migueloteo/Desktop/Software-Development/28-SDfR-FinalProject/sdfr_ws/build/custom_msg/rosidl_generator_c/custom_msg/msg/detail/bounding_box__functions.h:19[m[K,
[0.970s]                  from [01m[K/home/migueloteo/Desktop/Software-Development/28-SDfR-FinalProject/sdfr_ws/build/custom_msg/rosidl_generator_c/custom_msg/msg/detail/bounding_box__functions.c:4[m[K:
[0.970s] [01m[K/home/migueloteo/Desktop/Software-Development/28-SDfR-FinalProject/sdfr_ws/build/custom_msg/rosidl_generator_c/custom_msg/msg/detail/bounding_box__struct.h:22:10:[m[K [01;31m[Kfatal error: [m[Kcustom_msg/msg/detail/point__struct.h: No such file or directory
[0.970s]    22 | #include [01;31m[K"custom_msg/msg/detail/point__struct.h"[m[K
[0.970s]       |          [01;31m[K^~~~~~~~~~~~~~~~~~~~~~~~~~~~~~~~~~~~~~~[m[K
[0.970s] compilation terminated.
[0.970s] gmake[2]: *** [CMakeFiles/custom_msg__rosidl_generator_c.dir/build.make:135: CMakeFiles/custom_msg__rosidl_generator_c.dir/rosidl_generator_c/custom_msg/msg/detail/bounding_box__functions.c.o] Error 1
[0.970s] gmake[2]: *** Waiting for unfinished jobs....
[0.996s] gmake[1]: *** [CMakeFiles/Makefile2:213: CMakeFiles/custom_msg__rosidl_generator_c.dir/all] Error 2
[0.996s] gmake[1]: *** Waiting for unfinished jobs....
[1.026s] [35m[1mConsolidate compiler generated dependencies of target custom_msg__rosidl_typesupport_fastrtps_cpp[0m
[1.037s] [ 23%] [32mBuilding CXX object CMakeFiles/custom_msg__rosidl_typesupport_fastrtps_cpp.dir/rosidl_typesupport_fastrtps_cpp/custom_msg/msg/detail/dds_fastrtps/brightness_status__type_support.cpp.o[0m
[1.038s] [ 23%] [32mBuilding CXX object CMakeFiles/custom_msg__rosidl_typesupport_fastrtps_cpp.dir/rosidl_typesupport_fastrtps_cpp/custom_msg/msg/detail/dds_fastrtps/bounding_box__type_support.cpp.o[0m
[1.071s] [35m[1mConsolidate compiler generated dependencies of target custom_msg__rosidl_typesupport_cpp[0m
[1.078s] [ 25%] [32mBuilding CXX object CMakeFiles/custom_msg__rosidl_typesupport_cpp.dir/rosidl_typesupport_cpp/custom_msg/msg/brightness_status__type_support.cpp.o[0m
[1.080s] [ 28%] [32mBuilding CXX object CMakeFiles/custom_msg__rosidl_typesupport_cpp.dir/rosidl_typesupport_cpp/custom_msg/msg/bounding_box__type_support.cpp.o[0m
[1.088s] In file included from [01m[K/home/migueloteo/Desktop/Software-Development/28-SDfR-FinalProject/sdfr_ws/build/custom_msg/rosidl_typesupport_fastrtps_cpp/custom_msg/msg/detail/bounding_box__rosidl_typesupport_fastrtps_cpp.hpp:11[m[K,
[1.088s]                  from [01m[K/home/migueloteo/Desktop/Software-Development/28-SDfR-FinalProject/sdfr_ws/build/custom_msg/rosidl_typesupport_fastrtps_cpp/custom_msg/msg/detail/dds_fastrtps/bounding_box__type_support.cpp:4[m[K:
[1.088s] [01m[K/home/migueloteo/Desktop/Software-Development/28-SDfR-FinalProject/sdfr_ws/build/custom_msg/rosidl_generator_cpp/custom_msg/msg/detail/bounding_box__struct.hpp:20:10:[m[K [01;31m[Kfatal error: [m[Kcustom_msg/msg/detail/point__struct.hpp: No such file or directory
[1.089s]    20 | #include [01;31m[K"custom_msg/msg/detail/point__struct.hpp"[m[K
[1.089s]       |          [01;31m[K^~~~~~~~~~~~~~~~~~~~~~~~~~~~~~~~~~~~~~~~~[m[K
[1.089s] compilation terminated.
[1.090s] gmake[2]: *** [CMakeFiles/custom_msg__rosidl_typesupport_fastrtps_cpp.dir/build.make:112: CMakeFiles/custom_msg__rosidl_typesupport_fastrtps_cpp.dir/rosidl_typesupport_fastrtps_cpp/custom_msg/msg/detail/dds_fastrtps/bounding_box__type_support.cpp.o] Error 1
[1.090s] gmake[2]: *** Waiting for unfinished jobs....
[1.129s] [35m[1mConsolidate compiler generated dependencies of target custom_msg__rosidl_typesupport_introspection_cpp[0m
[1.135s] In file included from [01m[K/home/migueloteo/Desktop/Software-Development/28-SDfR-FinalProject/sdfr_ws/build/custom_msg/rosidl_typesupport_cpp/custom_msg/msg/bounding_box__type_support.cpp:7[m[K:
[1.135s] [01m[K/home/migueloteo/Desktop/Software-Development/28-SDfR-FinalProject/sdfr_ws/build/custom_msg/rosidl_generator_cpp/custom_msg/msg/detail/bounding_box__struct.hpp:20:10:[m[K [01;31m[Kfatal error: [m[Kcustom_msg/msg/detail/point__struct.hpp: No such file or directory
[1.135s]    20 | #include [01;31m[K"custom_msg/msg/detail/point__struct.hpp"[m[K
[1.135s]       |          [01;31m[K^~~~~~~~~~~~~~~~~~~~~~~~~~~~~~~~~~~~~~~~~[m[K
[1.135s] compilation terminated.
[1.136s] gmake[2]: *** [CMakeFiles/custom_msg__rosidl_typesupport_cpp.dir/build.make:104: CMakeFiles/custom_msg__rosidl_typesupport_cpp.dir/rosidl_typesupport_cpp/custom_msg/msg/bounding_box__type_support.cpp.o] Error 1
[1.136s] gmake[2]: *** Waiting for unfinished jobs....
[1.141s] [ 30%] [32mBuilding CXX object CMakeFiles/custom_msg__rosidl_typesupport_introspection_cpp.dir/rosidl_typesupport_introspection_cpp/custom_msg/msg/detail/brightness_status__type_support.cpp.o[0m
[1.142s] [ 33%] [32mBuilding CXX object CMakeFiles/custom_msg__rosidl_typesupport_introspection_cpp.dir/rosidl_typesupport_introspection_cpp/custom_msg/msg/detail/bounding_box__type_support.cpp.o[0m
[1.191s] In file included from [01m[K/home/migueloteo/Desktop/Software-Development/28-SDfR-FinalProject/sdfr_ws/build/custom_msg/rosidl_typesupport_introspection_cpp/custom_msg/msg/detail/bounding_box__type_support.cpp:12[m[K:
[1.191s] [01m[K/home/migueloteo/Desktop/Software-Development/28-SDfR-FinalProject/sdfr_ws/build/custom_msg/rosidl_generator_cpp/custom_msg/msg/detail/bounding_box__struct.hpp:20:10:[m[K [01;31m[Kfatal error: [m[Kcustom_msg/msg/detail/point__struct.hpp: No such file or directory
[1.191s]    20 | #include [01;31m[K"custom_msg/msg/detail/point__struct.hpp"[m[K
[1.191s]       |          [01;31m[K^~~~~~~~~~~~~~~~~~~~~~~~~~~~~~~~~~~~~~~~~[m[K
[1.191s] compilation terminated.
[1.193s] gmake[2]: *** [CMakeFiles/custom_msg__rosidl_typesupport_introspection_cpp.dir/build.make:112: CMakeFiles/custom_msg__rosidl_typesupport_introspection_cpp.dir/rosidl_typesupport_introspection_cpp/custom_msg/msg/detail/bounding_box__type_support.cpp.o] Error 1
[1.193s] gmake[2]: *** Waiting for unfinished jobs....
[1.231s] gmake[1]: *** [CMakeFiles/Makefile2:395: CMakeFiles/custom_msg__rosidl_typesupport_cpp.dir/all] Error 2
[1.374s] gmake[1]: *** [CMakeFiles/Makefile2:369: CMakeFiles/custom_msg__rosidl_typesupport_introspection_cpp.dir/all] Error 2
[1.391s] gmake[1]: *** [CMakeFiles/Makefile2:343: CMakeFiles/custom_msg__rosidl_typesupport_fastrtps_cpp.dir/all] Error 2
[1.391s] gmake: *** [Makefile:146: all] Error 2
[1.393s] Invoked command in '/home/migueloteo/Desktop/Software-Development/28-SDfR-FinalProject/sdfr_ws/build/custom_msg' returned '2': CMAKE_PREFIX_PATH=/opt/ros/humble /usr/bin/cmake --build /home/migueloteo/Desktop/Software-Development/28-SDfR-FinalProject/sdfr_ws/build/custom_msg -- -j12 -l12
