[0.007s] Invoking command in '/home/migueloteo/Desktop/Software-Development/28-SDfR-FinalProject/sdfr_ws/build/ros2_ball_detection': CMAKE_PREFIX_PATH=/home/migueloteo/Desktop/Software-Development/28-SDfR-FinalProject/sdfr_ws/install/custom_msg:/home/migueloteo/Desktop/Software-Development/28-SDfR-FinalProject/sdfr_ws/install/ros2_introduction:/home/migueloteo/Desktop/Software-Development/28-SDfR-FinalProject/sdfr_ws/install/ros2_ball_detection:/home/migueloteo/Desktop/Software-Development/28-SDfR-FinalProject/sdfr_ws/install/image_functions_sdfr:/opt/ros/humble LD_LIBRARY_PATH=/home/migueloteo/Desktop/Software-Development/28-SDfR-FinalProject/sdfr_ws/install/custom_msg/lib:/home/migueloteo/Desktop/Software-Development/28-SDfR-FinalProject/sdfr_ws/install/image_functions_sdfr/lib:/opt/ros/humble/opt/rviz_ogre_vendor/lib:/opt/ros/humble/lib/x86_64-linux-gnu:/opt/ros/humble/lib /usr/bin/cmake --build /home/migueloteo/Desktop/Software-Development/28-SDfR-FinalProject/sdfr_ws/build/ros2_ball_detection -- -j12 -l12
[0.041s] [35m[1mConsolidate compiler generated dependencies of target ball_detection[0m
[0.057s] [ 50%] [32mBuilding CXX object CMakeFiles/ball_detection.dir/src/ball_detection.cpp.o[0m
[1.827s] [01m[K/home/migueloteo/Desktop/Software-Development/28-SDfR-FinalProject/sdfr_ws/src/ros2_ball_detection/src/ball_detection.cpp:[m[K In function ‘[01m[Kint main(int, char**)[m[K’:
[1.827s] [01m[K/home/migueloteo/Desktop/Software-Development/28-SDfR-FinalProject/sdfr_ws/src/ros2_ball_detection/src/ball_detection.cpp:107:35:[m[K [01;31m[Kerror: [m[K‘[01m[KBallDetection[m[K’ was not declared in this scope; did you mean ‘[01m[Kball_detection[m[K’?
[1.827s]   107 |     rclcpp::spin(std::make_shared<[01;31m[KBallDetection[m[K>());
[1.827s]       |                                   [01;31m[K^~~~~~~~~~~~~[m[K
[1.828s]       |                                   [32m[Kball_detection[m[K
[1.828s] [01m[K/home/migueloteo/Desktop/Software-Development/28-SDfR-FinalProject/sdfr_ws/src/ros2_ball_detection/src/ball_detection.cpp:107:49:[m[K [01;31m[Kerror: [m[Kno matching function for call to ‘[01m[Kmake_shared<<expression error> >()[m[K’
[1.828s]   107 |     rclcpp::spin([01;31m[Kstd::make_shared<BallDetection>()[m[K);
[1.828s]       |                  [01;31m[K~~~~~~~~~~~~~~~~~~~~~~~~~~~~~~~^~[m[K
[1.828s] In file included from [01m[K/usr/include/c++/11/memory:77[m[K,
[1.828s]                  from [01m[K/opt/ros/humble/include/rclcpp/rclcpp/rclcpp.hpp:153[m[K,
[1.828s]                  from [01m[K/home/migueloteo/Desktop/Software-Development/28-SDfR-FinalProject/sdfr_ws/src/ros2_ball_detection/src/ball_detection.cpp:1[m[K:
[1.828s] [01m[K/usr/include/c++/11/bits/shared_ptr.h:875:5:[m[K [01;36m[Knote: [m[Kcandidate: ‘[01m[Ktemplate<class _Tp, class ... _Args> std::shared_ptr<_Tp> std::make_shared(_Args&& ...)[m[K’
[1.828s]   875 |     [01;36m[Kmake_shared[m[K(_Args&&... __args)
[1.828s]       |     [01;36m[K^~~~~~~~~~~[m[K
[1.828s] [01m[K/usr/include/c++/11/bits/shared_ptr.h:875:5:[m[K [01;36m[Knote: [m[K  template argument deduction/substitution failed:
[1.828s] [01m[K/home/migueloteo/Desktop/Software-Development/28-SDfR-FinalProject/sdfr_ws/src/ros2_ball_detection/src/ball_detection.cpp:107:49:[m[K [01;31m[Kerror: [m[Ktemplate argument 1 is invalid
[1.828s]   107 |     rclcpp::spin([01;31m[Kstd::make_shared<BallDetection>()[m[K);
[1.828s]       |                  [01;31m[K~~~~~~~~~~~~~~~~~~~~~~~~~~~~~~~^~[m[K
[3.409s] gmake[2]: *** [CMakeFiles/ball_detection.dir/build.make:76: CMakeFiles/ball_detection.dir/src/ball_detection.cpp.o] Error 1
[3.409s] gmake[1]: *** [CMakeFiles/Makefile2:137: CMakeFiles/ball_detection.dir/all] Error 2
[3.409s] gmake: *** [Makefile:146: all] Error 2
[3.411s] Invoked command in '/home/migueloteo/Desktop/Software-Development/28-SDfR-FinalProject/sdfr_ws/build/ros2_ball_detection' returned '2': CMAKE_PREFIX_PATH=/home/migueloteo/Desktop/Software-Development/28-SDfR-FinalProject/sdfr_ws/install/custom_msg:/home/migueloteo/Desktop/Software-Development/28-SDfR-FinalProject/sdfr_ws/install/ros2_introduction:/home/migueloteo/Desktop/Software-Development/28-SDfR-FinalProject/sdfr_ws/install/ros2_ball_detection:/home/migueloteo/Desktop/Software-Development/28-SDfR-FinalProject/sdfr_ws/install/image_functions_sdfr:/opt/ros/humble LD_LIBRARY_PATH=/home/migueloteo/Desktop/Software-Development/28-SDfR-FinalProject/sdfr_ws/install/custom_msg/lib:/home/migueloteo/Desktop/Software-Development/28-SDfR-FinalProject/sdfr_ws/install/image_functions_sdfr/lib:/opt/ros/humble/opt/rviz_ogre_vendor/lib:/opt/ros/humble/lib/x86_64-linux-gnu:/opt/ros/humble/lib /usr/bin/cmake --build /home/migueloteo/Desktop/Software-Development/28-SDfR-FinalProject/sdfr_ws/build/ros2_ball_detection -- -j12 -l12
