[0.007s] Invoking command in '/home/migueloteo/Desktop/Software-Development/28-SDfR-FinalProject/sdfr_ws/build/ros2_ball_detection': CMAKE_PREFIX_PATH=/home/migueloteo/Desktop/Software-Development/28-SDfR-FinalProject/sdfr_ws/install/custom_msg:/home/migueloteo/Desktop/Software-Development/28-SDfR-FinalProject/sdfr_ws/install/ros2_introduction:/home/migueloteo/Desktop/Software-Development/28-SDfR-FinalProject/sdfr_ws/install/ros2_ball_detection:/home/migueloteo/Desktop/Software-Development/28-SDfR-FinalProject/sdfr_ws/install/image_functions_sdfr:/opt/ros/humble LD_LIBRARY_PATH=/home/migueloteo/Desktop/Software-Development/28-SDfR-FinalProject/sdfr_ws/install/custom_msg/lib:/home/migueloteo/Desktop/Software-Development/28-SDfR-FinalProject/sdfr_ws/install/image_functions_sdfr/lib:/opt/ros/humble/opt/rviz_ogre_vendor/lib:/opt/ros/humble/lib/x86_64-linux-gnu:/opt/ros/humble/lib /usr/bin/cmake --build /home/migueloteo/Desktop/Software-Development/28-SDfR-FinalProject/sdfr_ws/build/ros2_ball_detection -- -j12 -l12
[0.033s] [35m[1mConsolidate compiler generated dependencies of target ball_detection[0m
[0.045s] [ 50%] [32mBuilding CXX object CMakeFiles/ball_detection.dir/src/BallDetection.cpp.o[0m
[1.802s] [01m[K/home/migueloteo/Desktop/Software-Development/28-SDfR-FinalProject/sdfr_ws/src/ros2_ball_detection/src/BallDetection.cpp:[m[K In member function ‘[01m[Kcv::Mat BallDetection::detect_balls(const cv::Mat&)[m[K’:
[1.803s] [01m[K/home/migueloteo/Desktop/Software-Development/28-SDfR-FinalProject/sdfr_ws/src/ros2_ball_detection/src/BallDetection.cpp:80:17:[m[K [01;31m[Kerror: [m[K‘[01m[KBoundingBox[m[K’ is not a member of ‘[01m[Kcustom_msg[m[K’; did you mean ‘[01m[Kcustom_msg::msg::BoundingBox[m[K’?
[1.803s]    80 |     custom_msg::[01;31m[KBoundingBox[m[K bounding_box_msg;
[1.803s]       |                 [01;31m[K^~~~~~~~~~~[m[K
[1.803s] In file included from [01m[K/home/migueloteo/Desktop/Software-Development/28-SDfR-FinalProject/sdfr_ws/install/custom_msg/include/custom_msg/custom_msg/msg/bounding_box.hpp:7[m[K,
[1.803s]                  from [01m[K/home/migueloteo/Desktop/Software-Development/28-SDfR-FinalProject/sdfr_ws/src/ros2_ball_detection/src/BallDetection.cpp:4[m[K:
[1.803s] [01m[K/home/migueloteo/Desktop/Software-Development/28-SDfR-FinalProject/sdfr_ws/install/custom_msg/include/custom_msg/custom_msg/msg/detail/bounding_box__struct.hpp:178:7:[m[K [01;36m[Knote: [m[K‘[01m[Kcustom_msg::msg::BoundingBox[m[K’ declared here
[1.803s]   178 | using [01;36m[KBoundingBox[m[K =
[1.803s]       |       [01;36m[K^~~~~~~~~~~[m[K
[1.810s] [01m[K/home/migueloteo/Desktop/Software-Development/28-SDfR-FinalProject/sdfr_ws/src/ros2_ball_detection/src/BallDetection.cpp:81:5:[m[K [01;31m[Kerror: [m[K‘[01m[Kbounding_box_msg[m[K’ was not declared in this scope
[1.810s]    81 |     [01;31m[Kbounding_box_msg[m[K.ball_found = !contours.empty(); // Check if any contours were found
[1.810s]       |     [01;31m[K^~~~~~~~~~~~~~~~[m[K
[1.815s] [01m[K/home/migueloteo/Desktop/Software-Development/28-SDfR-FinalProject/sdfr_ws/src/ros2_ball_detection/src/BallDetection.cpp:102:13:[m[K [01;31m[Kerror: [m[K‘[01m[Kpublisher[m[K’ was not declared in this scope; did you mean ‘[01m[Kpublisher_[m[K’?
[1.815s]   102 |             [01;31m[Kpublisher[m[K.publish(bounding_box_msg);
[1.815s]       |             [01;31m[K^~~~~~~~~[m[K
[1.815s]       |             [32m[Kpublisher_[m[K
[1.815s] [01m[K/home/migueloteo/Desktop/Software-Development/28-SDfR-FinalProject/sdfr_ws/src/ros2_ball_detection/src/BallDetection.cpp:[m[K In member function ‘[01m[Kvoid BallDetection::publish_debug_image(const cv::Mat&)[m[K’:
[1.815s] [01m[K/home/migueloteo/Desktop/Software-Development/28-SDfR-FinalProject/sdfr_ws/src/ros2_ball_detection/src/BallDetection.cpp:112:56:[m[K [01;35m[Kwarning: [m[Kunused parameter ‘[01m[Kimage[m[K’ [[01;35m[K]8;;https://gcc.gnu.org/onlinedocs/gcc/Warning-Options.html#index-Wunused-parameter-Wunused-parameter]8;;[m[K]
[1.815s]   112 | void BallDetection::publish_debug_image([01;35m[Kconst cv::Mat& image[m[K)
[1.815s]       |                                         [01;35m[K~~~~~~~~~~~~~~~^~~~~[m[K
[3.303s] gmake[2]: *** [CMakeFiles/ball_detection.dir/build.make:76: CMakeFiles/ball_detection.dir/src/BallDetection.cpp.o] Error 1
[3.303s] gmake[1]: *** [CMakeFiles/Makefile2:137: CMakeFiles/ball_detection.dir/all] Error 2
[3.304s] gmake: *** [Makefile:146: all] Error 2
[3.305s] Invoked command in '/home/migueloteo/Desktop/Software-Development/28-SDfR-FinalProject/sdfr_ws/build/ros2_ball_detection' returned '2': CMAKE_PREFIX_PATH=/home/migueloteo/Desktop/Software-Development/28-SDfR-FinalProject/sdfr_ws/install/custom_msg:/home/migueloteo/Desktop/Software-Development/28-SDfR-FinalProject/sdfr_ws/install/ros2_introduction:/home/migueloteo/Desktop/Software-Development/28-SDfR-FinalProject/sdfr_ws/install/ros2_ball_detection:/home/migueloteo/Desktop/Software-Development/28-SDfR-FinalProject/sdfr_ws/install/image_functions_sdfr:/opt/ros/humble LD_LIBRARY_PATH=/home/migueloteo/Desktop/Software-Development/28-SDfR-FinalProject/sdfr_ws/install/custom_msg/lib:/home/migueloteo/Desktop/Software-Development/28-SDfR-FinalProject/sdfr_ws/install/image_functions_sdfr/lib:/opt/ros/humble/opt/rviz_ogre_vendor/lib:/opt/ros/humble/lib/x86_64-linux-gnu:/opt/ros/humble/lib /usr/bin/cmake --build /home/migueloteo/Desktop/Software-Development/28-SDfR-FinalProject/sdfr_ws/build/ros2_ball_detection -- -j12 -l12
