[0.007s] Invoking command in '/home/migueloteo/Desktop/Software-Development/28-SDfR-FinalProject/sdfr_ws/build/custom_msg': CMAKE_PREFIX_PATH=/opt/ros/humble /usr/bin/cmake --build /home/migueloteo/Desktop/Software-Development/28-SDfR-FinalProject/sdfr_ws/build/custom_msg -- -j12 -l12
[0.025s] -- Found rosidl_default_generators: 1.2.0 (/opt/ros/humble/share/rosidl_default_generators/cmake)
[0.025s] -- Found ament_cmake_core: 1.3.8 (/opt/ros/humble/share/ament_cmake_core/cmake)
[0.099s] -- Using all available rosidl_typesupport_c: rosidl_typesupport_fastrtps_c;rosidl_typesupport_introspection_c
[0.100s] -- Found rosidl_adapter: 3.1.5 (/opt/ros/humble/share/rosidl_adapter/cmake)
[0.121s] -- Using all available rosidl_typesupport_cpp: rosidl_typesupport_fastrtps_cpp;rosidl_typesupport_introspection_cpp
[0.135s] -- Found geometry_msgs: 4.2.3 (/opt/ros/humble/share/geometry_msgs/cmake)
[0.295s] [31mCMake Error at /opt/ros/humble/share/rosidl_adapter/cmake/rosidl_adapt_interfaces.cmake:59 (message):
[0.295s]   execute_process(/usr/bin/python3 -m rosidl_adapter --package-name
[0.295s]   custom_msg --arguments-file
[0.295s]   /home/migueloteo/Desktop/Software-Development/28-SDfR-FinalProject/sdfr_ws/build/custom_msg/rosidl_adapter__arguments__custom_msg.json
[0.295s]   --output-dir
[0.296s]   /home/migueloteo/Desktop/Software-Development/28-SDfR-FinalProject/sdfr_ws/build/custom_msg/rosidl_adapter/custom_msg
[0.296s]   --output-file
[0.296s]   /home/migueloteo/Desktop/Software-Development/28-SDfR-FinalProject/sdfr_ws/build/custom_msg/rosidl_adapter/custom_msg.idls)
[0.296s]   returned error code 1:
[0.296s] 
[0.296s]   Error processing 'geometry_msgs/msg/Point center_point' of
[0.296s]   'custom_msg/BoundingBox': 'geometry_msgs/msg/Point'
[0.296s] 
[0.296s]   Traceback (most recent call last):
[0.296s] 
[0.296s]     File "/usr/lib/python3.10/runpy.py", line 196, in _run_module_as_main
[0.296s]       return _run_code(code, main_globals, None,
[0.296s]     File "/usr/lib/python3.10/runpy.py", line 86, in _run_code
[0.296s]       exec(code, run_globals)
[0.297s]     File "/opt/ros/humble/local/lib/python3.10/dist-packages/rosidl_adapter/__main__.py", line 19, in <module>
[0.297s]       sys.exit(main())
[0.297s]     File "/opt/ros/humble/local/lib/python3.10/dist-packages/rosidl_adapter/main.py", line 53, in main
[0.297s]       abs_idl_file = convert_to_idl(
[0.297s]     File "/opt/ros/humble/local/lib/python3.10/dist-packages/rosidl_adapter/__init__.py", line 19, in convert_to_idl
[0.297s]       return convert_msg_to_idl(
[0.297s]     File "/opt/ros/humble/local/lib/python3.10/dist-packages/rosidl_adapter/msg/__init__.py", line 28, in convert_msg_to_idl
[0.297s]       msg = parse_message_string(package_name, input_file.stem, content)
[0.297s]     File "/opt/ros/humble/local/lib/python3.10/dist-packages/rosidl_adapter/parser.py", line 520, in parse_message_string
[0.297s]       Type(type_string, context_package_name=pkg_name),
[0.297s]     File "/opt/ros/humble/local/lib/python3.10/dist-packages/rosidl_adapter/parser.py", line 277, in __init__
[0.297s]       super(Type, self).__init__(
[0.297s]     File "/opt/ros/humble/local/lib/python3.10/dist-packages/rosidl_adapter/parser.py", line 190, in __init__
[0.297s]       raise InvalidResourceName(type_string)
[0.297s] 
[0.297s]   rosidl_adapter.parser.InvalidResourceName: geometry_msgs/msg/Point
[0.297s] 
[0.298s] Call Stack (most recent call first):
[0.298s]   /opt/ros/humble/share/rosidl_cmake/cmake/rosidl_generate_interfaces.cmake:130 (rosidl_adapt_interfaces)
[0.298s]   CMakeLists.txt:17 (rosidl_generate_interfaces)
[0.298s] 
[0.298s] [0m
[0.298s] -- Configuring incomplete, errors occurred!
[0.298s] See also "/home/migueloteo/Desktop/Software-Development/28-SDfR-FinalProject/sdfr_ws/build/custom_msg/CMakeFiles/CMakeOutput.log".
[0.298s] gmake: *** [Makefile:963: cmake_check_build_system] Error 1
[0.300s] Invoked command in '/home/migueloteo/Desktop/Software-Development/28-SDfR-FinalProject/sdfr_ws/build/custom_msg' returned '2': CMAKE_PREFIX_PATH=/opt/ros/humble /usr/bin/cmake --build /home/migueloteo/Desktop/Software-Development/28-SDfR-FinalProject/sdfr_ws/build/custom_msg -- -j12 -l12
