-- Found ament_cmake: 1.3.8 (/opt/ros/humble/share/ament_cmake/cmake)
-- Found rclcpp: 16.0.8 (/opt/ros/humble/share/rclcpp/cmake)
-- Found rosidl_generator_c: 3.1.5 (/opt/ros/humble/share/rosidl_generator_c/cmake)
-- Found rosidl_adapter: 3.1.5 (/opt/ros/humble/share/rosidl_adapter/cmake)
-- Found rosidl_generator_cpp: 3.1.5 (/opt/ros/humble/share/rosidl_generator_cpp/cmake)
-- Using all available rosidl_typesupport_c: rosidl_typesupport_fastrtps_c;rosidl_typesupport_introspection_c
-- Using all available rosidl_typesupport_cpp: rosidl_typesupport_fastrtps_cpp;rosidl_typesupport_introspection_cpp
-- Found rmw_implementation_cmake: 6.1.1 (/opt/ros/humble/share/rmw_implementation_cmake/cmake)
-- Found rmw_fastrtps_cpp: 6.2.6 (/opt/ros/humble/share/rmw_fastrtps_cpp/cmake)
-- Using RMW implementation 'rmw_fastrtps_cpp' as default
-- Found sensor_msgs: 4.2.3 (/opt/ros/humble/share/sensor_msgs/cmake)
-- Found custom_msg: 0.0.0 (/home/migueloteo/Desktop/Software-Development/28-SDfR-FinalProject/sdfr_ws/install/custom_msg/share/custom_msg/cmake)
-- Found cv_bridge: 3.2.1 (/opt/ros/humble/share/cv_bridge/cmake)
-- Found image_transport: 3.1.8 (/opt/ros/humble/share/image_transport/cmake)
-- Configuring done
-- Generating done
-- Build files have been written to: /home/migueloteo/Desktop/Software-Development/28-SDfR-FinalProject/sdfr_ws/build/ros2_ball_detection
[35m[1mConsolidate compiler generated dependencies of target ball_detection_node[0m
[ 50%] [32mBuilding CXX object CMakeFiles/ball_detection_node.dir/src/BallDetection.cpp.o[0m
[100%] [32m[1mLinking CXX executable ball_detection_node[0m
/usr/bin/ld: CMakeFiles/ball_detection_node.dir/src/BallDetection.cpp.o: in function `BallDetection::image_callback(std::shared_ptr<sensor_msgs::msg::Image_<std::allocator<void> > >)':
BallDetection.cpp:(.text+0x988): undefined reference to `BallDetection::detect_balls(cv::Mat const&)'
/usr/bin/ld: CMakeFiles/ball_detection_node.dir/src/BallDetection.cpp.o: in function `std::enable_if<rosidl_generator_traits::is_message<custom_msg::msg::BoundingBox_<std::allocator<void> > >::value, rosidl_message_type_support_t const&>::type rclcpp::get_message_type_support_handle<custom_msg::msg::BoundingBox_<std::allocator<void> > >()':
BallDetection.cpp:(.text._ZN6rclcpp31get_message_type_support_handleIN10custom_msg3msg12BoundingBox_ISaIvEEEEENSt9enable_ifIXsrN23rosidl_generator_traits10is_messageIT_EE5valueERK29rosidl_message_type_support_tE4typeEv[_ZN6rclcpp31get_message_type_support_handleIN10custom_msg3msg12BoundingBox_ISaIvEEEEENSt9enable_ifIXsrN23rosidl_generator_traits10is_messageIT_EE5valueERK29rosidl_message_type_support_tE4typeEv]+0x10): undefined reference to `rosidl_message_type_support_t const* rosidl_typesupport_cpp::get_message_type_support_handle<custom_msg::msg::BoundingBox_<std::allocator<void> > >()'
collect2: error: ld returned 1 exit status
gmake[2]: *** [CMakeFiles/ball_detection_node.dir/build.make:240: ball_detection_node] Error 1
gmake[1]: *** [CMakeFiles/Makefile2:137: CMakeFiles/ball_detection_node.dir/all] Error 2
gmake: *** [Makefile:146: all] Error 2
