[0.007s] Invoking command in '/home/migueloteo/Desktop/Software-Development/28-SDfR-FinalProject/sdfr_ws/build/ros2_introduction': AMENT_PREFIX_PATH=/home/migueloteo/Desktop/Software-Development/28-SDfR-FinalProject/sdfr_ws/install/image_functions_sdfr:/home/migueloteo/Desktop/Software-Development/28-SDfR-FinalProject/sdfr_ws/install/custom_msg:${AMENT_PREFIX_PATH} CMAKE_PREFIX_PATH=/home/migueloteo/Desktop/Software-Development/28-SDfR-FinalProject/sdfr_ws/install/image_functions_sdfr:/home/migueloteo/Desktop/Software-Development/28-SDfR-FinalProject/sdfr_ws/install/custom_msg:/opt/ros/humble LD_LIBRARY_PATH=/home/migueloteo/Desktop/Software-Development/28-SDfR-FinalProject/sdfr_ws/install/image_functions_sdfr/lib:/home/migueloteo/Desktop/Software-Development/28-SDfR-FinalProject/sdfr_ws/install/custom_msg/lib:${LD_LIBRARY_PATH} PYTHONPATH=/home/migueloteo/Desktop/Software-Development/28-SDfR-FinalProject/sdfr_ws/install/custom_msg/local/lib/python3.10/dist-packages:${PYTHONPATH} /usr/bin/cmake --build /home/migueloteo/Desktop/Software-Development/28-SDfR-FinalProject/sdfr_ws/build/ros2_introduction -- -j12 -l12
[0.022s] -- Found ament_cmake: 1.3.8 (/opt/ros/humble/share/ament_cmake/cmake)
[0.101s] -- Found rclcpp: 16.0.8 (/opt/ros/humble/share/rclcpp/cmake)
[0.124s] -- Found rosidl_generator_c: 3.1.5 (/opt/ros/humble/share/rosidl_generator_c/cmake)
[0.126s] -- Found rosidl_adapter: 3.1.5 (/opt/ros/humble/share/rosidl_adapter/cmake)
[0.131s] -- Found rosidl_generator_cpp: 3.1.5 (/opt/ros/humble/share/rosidl_generator_cpp/cmake)
[0.141s] -- Using all available rosidl_typesupport_c: rosidl_typesupport_fastrtps_c;rosidl_typesupport_introspection_c
[0.155s] -- Using all available rosidl_typesupport_cpp: rosidl_typesupport_fastrtps_cpp;rosidl_typesupport_introspection_cpp
[0.192s] -- Found rmw_implementation_cmake: 6.1.1 (/opt/ros/humble/share/rmw_implementation_cmake/cmake)
[0.193s] -- Found rmw_fastrtps_cpp: 6.2.6 (/opt/ros/humble/share/rmw_fastrtps_cpp/cmake)
[0.260s] -- Using RMW implementation 'rmw_fastrtps_cpp' as default
[0.354s] -- Found sensor_msgs: 4.2.3 (/opt/ros/humble/share/sensor_msgs/cmake)
[0.445s] -- Found example_interfaces: 0.9.3 (/opt/ros/humble/share/example_interfaces/cmake)
[0.526s] -- Found image_functions_sdfr: 2.1.0 (/home/migueloteo/Desktop/Software-Development/28-SDfR-FinalProject/sdfr_ws/install/image_functions_sdfr/share/image_functions_sdfr/cmake)
[0.529s] -- Found custom_msg: 0.0.0 (/home/migueloteo/Desktop/Software-Development/28-SDfR-FinalProject/sdfr_ws/install/custom_msg/share/custom_msg/cmake)
[0.572s] -- Configuring done
[0.578s] -- Generating done
[0.579s] -- Build files have been written to: /home/migueloteo/Desktop/Software-Development/28-SDfR-FinalProject/sdfr_ws/build/ros2_introduction
[0.593s] [35m[1mConsolidate compiler generated dependencies of target brightness_detection[0m
[0.602s] [ 50%] [32mBuilding CXX object CMakeFiles/brightness_detection.dir/src/brightness_detection.cpp.o[0m
[5.101s] [100%] [32m[1mLinking CXX executable brightness_detection[0m
[5.338s] [100%] Built target brightness_detection
