[0.010s] Invoking command in '/home/migueloteo/Desktop/Software-Development/28-SDfR-FinalProject/sdfr_ws/build/ros2_introduction': CMAKE_PREFIX_PATH=/home/migueloteo/Desktop/Software-Development/28-SDfR-FinalProject/sdfr_ws/install/image_functions_sdfr:/home/migueloteo/Desktop/Software-Development/28-SDfR-FinalProject/sdfr_ws/install/custom_msg:/home/migueloteo/Desktop/Software-Development/28-SDfR-FinalProject/sdfr_ws/install/ros2_introduction:/home/migueloteo/Desktop/Software-Development/28-SDfR-FinalProject/sdfr_ws/install/ros2_ball_detection:/opt/ros/humble /usr/bin/cmake --build /home/migueloteo/Desktop/Software-Development/28-SDfR-FinalProject/sdfr_ws/build/ros2_introduction -- -j12 -l12
[0.043s] [100%] Built target brightness_detection
[0.050s] Invoked command in '/home/migueloteo/Desktop/Software-Development/28-SDfR-FinalProject/sdfr_ws/build/ros2_introduction' returned '0': CMAKE_PREFIX_PATH=/home/migueloteo/Desktop/Software-Development/28-SDfR-FinalProject/sdfr_ws/install/image_functions_sdfr:/home/migueloteo/Desktop/Software-Development/28-SDfR-FinalProject/sdfr_ws/install/custom_msg:/home/migueloteo/Desktop/Software-Development/28-SDfR-FinalProject/sdfr_ws/install/ros2_introduction:/home/migueloteo/Desktop/Software-Development/28-SDfR-FinalProject/sdfr_ws/install/ros2_ball_detection:/opt/ros/humble /usr/bin/cmake --build /home/migueloteo/Desktop/Software-Development/28-SDfR-FinalProject/sdfr_ws/build/ros2_introduction -- -j12 -l12
[0.073s] Invoking command in '/home/migueloteo/Desktop/Software-Development/28-SDfR-FinalProject/sdfr_ws/build/ros2_introduction': CMAKE_PREFIX_PATH=/home/migueloteo/Desktop/Software-Development/28-SDfR-FinalProject/sdfr_ws/install/image_functions_sdfr:/home/migueloteo/Desktop/Software-Development/28-SDfR-FinalProject/sdfr_ws/install/custom_msg:/home/migueloteo/Desktop/Software-Development/28-SDfR-FinalProject/sdfr_ws/install/ros2_introduction:/home/migueloteo/Desktop/Software-Development/28-SDfR-FinalProject/sdfr_ws/install/ros2_ball_detection:/opt/ros/humble /usr/bin/cmake --install /home/migueloteo/Desktop/Software-Development/28-SDfR-FinalProject/sdfr_ws/build/ros2_introduction
[0.078s] -- Install configuration: ""
[0.079s] -- Up-to-date: /home/migueloteo/Desktop/Software-Development/28-SDfR-FinalProject/sdfr_ws/install/ros2_introduction/lib/ros2_introduction/brightness_detection
[0.079s] -- Up-to-date: /home/migueloteo/Desktop/Software-Development/28-SDfR-FinalProject/sdfr_ws/install/ros2_introduction/share/ament_index/resource_index/package_run_dependencies/ros2_introduction
[0.079s] -- Up-to-date: /home/migueloteo/Desktop/Software-Development/28-SDfR-FinalProject/sdfr_ws/install/ros2_introduction/share/ament_index/resource_index/parent_prefix_path/ros2_introduction
[0.079s] -- Up-to-date: /home/migueloteo/Desktop/Software-Development/28-SDfR-FinalProject/sdfr_ws/install/ros2_introduction/share/ros2_introduction/environment/ament_prefix_path.sh
[0.079s] -- Up-to-date: /home/migueloteo/Desktop/Software-Development/28-SDfR-FinalProject/sdfr_ws/install/ros2_introduction/share/ros2_introduction/environment/ament_prefix_path.dsv
[0.079s] -- Up-to-date: /home/migueloteo/Desktop/Software-Development/28-SDfR-FinalProject/sdfr_ws/install/ros2_introduction/share/ros2_introduction/environment/path.sh
[0.079s] -- Up-to-date: /home/migueloteo/Desktop/Software-Development/28-SDfR-FinalProject/sdfr_ws/install/ros2_introduction/share/ros2_introduction/environment/path.dsv
[0.079s] -- Up-to-date: /home/migueloteo/Desktop/Software-Development/28-SDfR-FinalProject/sdfr_ws/install/ros2_introduction/share/ros2_introduction/local_setup.bash
[0.079s] -- Up-to-date: /home/migueloteo/Desktop/Software-Development/28-SDfR-FinalProject/sdfr_ws/install/ros2_introduction/share/ros2_introduction/local_setup.sh
[0.079s] -- Up-to-date: /home/migueloteo/Desktop/Software-Development/28-SDfR-FinalProject/sdfr_ws/install/ros2_introduction/share/ros2_introduction/local_setup.zsh
[0.079s] -- Up-to-date: /home/migueloteo/Desktop/Software-Development/28-SDfR-FinalProject/sdfr_ws/install/ros2_introduction/share/ros2_introduction/local_setup.dsv
[0.080s] -- Installing: /home/migueloteo/Desktop/Software-Development/28-SDfR-FinalProject/sdfr_ws/install/ros2_introduction/share/ros2_introduction/package.dsv
[0.080s] -- Up-to-date: /home/migueloteo/Desktop/Software-Development/28-SDfR-FinalProject/sdfr_ws/install/ros2_introduction/share/ament_index/resource_index/packages/ros2_introduction
[0.080s] -- Up-to-date: /home/migueloteo/Desktop/Software-Development/28-SDfR-FinalProject/sdfr_ws/install/ros2_introduction/share/ros2_introduction/cmake/ros2_introductionConfig.cmake
[0.080s] -- Up-to-date: /home/migueloteo/Desktop/Software-Development/28-SDfR-FinalProject/sdfr_ws/install/ros2_introduction/share/ros2_introduction/cmake/ros2_introductionConfig-version.cmake
[0.080s] -- Up-to-date: /home/migueloteo/Desktop/Software-Development/28-SDfR-FinalProject/sdfr_ws/install/ros2_introduction/share/ros2_introduction/package.xml
[0.081s] Invoked command in '/home/migueloteo/Desktop/Software-Development/28-SDfR-FinalProject/sdfr_ws/build/ros2_introduction' returned '0': CMAKE_PREFIX_PATH=/home/migueloteo/Desktop/Software-Development/28-SDfR-FinalProject/sdfr_ws/install/image_functions_sdfr:/home/migueloteo/Desktop/Software-Development/28-SDfR-FinalProject/sdfr_ws/install/custom_msg:/home/migueloteo/Desktop/Software-Development/28-SDfR-FinalProject/sdfr_ws/install/ros2_introduction:/home/migueloteo/Desktop/Software-Development/28-SDfR-FinalProject/sdfr_ws/install/ros2_ball_detection:/opt/ros/humble /usr/bin/cmake --install /home/migueloteo/Desktop/Software-Development/28-SDfR-FinalProject/sdfr_ws/build/ros2_introduction
