[0.008s] Invoking command in '/home/migueloteo/Desktop/Software-Development/28-SDfR-FinalProject/sdfr_ws/build/custom_msg': /usr/bin/cmake /home/migueloteo/Desktop/Software-Development/28-SDfR-FinalProject/sdfr_ws/src/custom_msg -DCMAKE_INSTALL_PREFIX=/home/migueloteo/Desktop/Software-Development/28-SDfR-FinalProject/sdfr_ws/install/custom_msg
[0.065s] -- The C compiler identification is GNU 11.4.0
[0.113s] -- The CXX compiler identification is GNU 11.4.0
[0.119s] -- Detecting C compiler ABI info
[0.160s] -- Detecting C compiler ABI info - done
[0.166s] -- Check for working C compiler: /usr/bin/cc - skipped
[0.166s] -- Detecting C compile features
[0.167s] -- Detecting C compile features - done
[0.170s] -- Detecting CXX compiler ABI info
[0.215s] -- Detecting CXX compiler ABI info - done
[0.220s] -- Check for working CXX compiler: /usr/bin/c++ - skipped
[0.220s] -- Detecting CXX compile features
[0.220s] -- Detecting CXX compile features - done
[0.221s] -- Found rosidl_default_generators: 1.2.0 (/opt/ros/humble/share/rosidl_default_generators/cmake)
[0.222s] -- Found ament_cmake_core: 1.3.8 (/opt/ros/humble/share/ament_cmake_core/cmake)
[0.312s] -- Found Python3: /usr/bin/python3 (found version "3.10.12") found components: Interpreter 
[0.353s] -- Using all available rosidl_typesupport_c: rosidl_typesupport_fastrtps_c;rosidl_typesupport_introspection_c
[0.358s] -- Found rosidl_adapter: 3.1.5 (/opt/ros/humble/share/rosidl_adapter/cmake)
[0.412s] -- Using all available rosidl_typesupport_cpp: rosidl_typesupport_fastrtps_cpp;rosidl_typesupport_introspection_cpp
[0.555s] Error parsing '/home/migueloteo/Desktop/Software-Development/28-SDfR-FinalProject/sdfr_ws/src/custom_msg/package.xml':
[0.583s] Traceback (most recent call last):
[0.583s]   File "/opt/ros/humble/share/ament_cmake_core/cmake/core/package_xml_2_cmake.py", line 150, in <module>
[0.583s]     main()
[0.583s]   File "/opt/ros/humble/share/ament_cmake_core/cmake/core/package_xml_2_cmake.py", line 53, in main
[0.583s]     raise e
[0.583s]   File "/opt/ros/humble/share/ament_cmake_core/cmake/core/package_xml_2_cmake.py", line 49, in main
[0.583s]     package = parse_package_string(
[0.583s]   File "/usr/lib/python3/dist-packages/catkin_pkg/package.py", line 719, in parse_package_string
[0.583s]     export_node = _get_optional_node(root, 'export', filename)
[0.584s]   File "/usr/lib/python3/dist-packages/catkin_pkg/package.py", line 807, in _get_optional_node
[0.584s]     raise InvalidPackage('The manifest must not contain more than one "%s" tags' % tagname, filename)
[0.584s] catkin_pkg.package.InvalidPackage: Error(s) in package '/home/migueloteo/Desktop/Software-Development/28-SDfR-FinalProject/sdfr_ws/src/custom_msg/package.xml':
[0.584s] The manifest must not contain more than one "export" tags
[0.594s] [31mCMake Error at /opt/ros/humble/share/ament_cmake_core/cmake/core/ament_package_xml.cmake:95 (message):
[0.594s]   execute_process(/usr/bin/python3
[0.594s]   /opt/ros/humble/share/ament_cmake_core/cmake/core/package_xml_2_cmake.py
[0.594s]   /home/migueloteo/Desktop/Software-Development/28-SDfR-FinalProject/sdfr_ws/src/custom_msg/package.xml
[0.594s]   /home/migueloteo/Desktop/Software-Development/28-SDfR-FinalProject/sdfr_ws/build/custom_msg/ament_cmake_core/package.cmake)
[0.594s]   returned error code 1
[0.594s] Call Stack (most recent call first):
[0.594s]   /opt/ros/humble/share/ament_cmake_core/cmake/core/ament_package_xml.cmake:49 (_ament_package_xml)
[0.594s]   /opt/ros/humble/share/rosidl_cmake/cmake/rosidl_generate_interfaces.cmake:226 (ament_package_xml)
[0.594s]   CMakeLists.txt:9 (rosidl_generate_interfaces)
[0.594s] 
[0.594s] [0m
[0.594s] -- Configuring incomplete, errors occurred!
[0.594s] See also "/home/migueloteo/Desktop/Software-Development/28-SDfR-FinalProject/sdfr_ws/build/custom_msg/CMakeFiles/CMakeOutput.log".
[0.599s] Invoked command in '/home/migueloteo/Desktop/Software-Development/28-SDfR-FinalProject/sdfr_ws/build/custom_msg' returned '1': /usr/bin/cmake /home/migueloteo/Desktop/Software-Development/28-SDfR-FinalProject/sdfr_ws/src/custom_msg -DCMAKE_INSTALL_PREFIX=/home/migueloteo/Desktop/Software-Development/28-SDfR-FinalProject/sdfr_ws/install/custom_msg
