[0.058s] DEBUG:colcon:Command line arguments: ['/usr/bin/colcon', 'build']
[0.059s] DEBUG:colcon:Parsed command line arguments: Namespace(log_base=None, log_level=None, verb_name='build', build_base='build', install_base='install', merge_install=False, symlink_install=False, test_result_base=None, continue_on_error=False, executor='parallel', parallel_workers=12, event_handlers=None, ignore_user_meta=False, metas=['./colcon.meta'], base_paths=['.'], packages_ignore=None, packages_ignore_regex=None, paths=None, packages_up_to=None, packages_up_to_regex=None, packages_above=None, packages_above_and_dependencies=None, packages_above_depth=None, packages_select_by_dep=None, packages_skip_by_dep=None, packages_skip_up_to=None, packages_select_build_failed=False, packages_skip_build_finished=False, packages_select_test_failures=False, packages_skip_test_passed=False, packages_select=None, packages_skip=None, packages_select_regex=None, packages_skip_regex=None, packages_start=None, packages_end=None, allow_overriding=[], cmake_args=None, cmake_target=None, cmake_target_skip_unavailable=False, cmake_clean_cache=False, cmake_clean_first=False, cmake_force_configure=False, ament_cmake_args=None, catkin_cmake_args=None, catkin_skip_building_tests=False, verb_parser=<colcon_defaults.argument_parser.defaults.DefaultArgumentsDecorator object at 0x7c7e9d5384f0>, verb_extension=<colcon_core.verb.build.BuildVerb object at 0x7c7e9d507d60>, main=<bound method BuildVerb.main of <colcon_core.verb.build.BuildVerb object at 0x7c7e9d507d60>>)
[0.141s] Level 1:colcon.colcon_core.package_discovery:discover_packages(colcon_meta) check parameters
[0.141s] Level 1:colcon.colcon_core.package_discovery:discover_packages(recursive) check parameters
[0.141s] Level 1:colcon.colcon_core.package_discovery:discover_packages(ignore) check parameters
[0.141s] Level 1:colcon.colcon_core.package_discovery:discover_packages(path) check parameters
[0.141s] Level 1:colcon.colcon_core.package_discovery:discover_packages(colcon_meta) discover
[0.141s] Level 1:colcon.colcon_core.package_discovery:discover_packages(recursive) discover
[0.141s] INFO:colcon.colcon_core.package_discovery:Crawling recursively for packages in '/home/migueloteo/Desktop/Software-Development/28-SDfR-FinalProject/sdfr_ws'
[0.141s] Level 1:colcon.colcon_core.package_identification:_identify(.) by extensions ['ignore', 'ignore_ament_install']
[0.142s] Level 1:colcon.colcon_core.package_identification:_identify(.) by extension 'ignore'
[0.142s] Level 1:colcon.colcon_core.package_identification:_identify(.) by extension 'ignore_ament_install'
[0.142s] Level 1:colcon.colcon_core.package_identification:_identify(.) by extensions ['colcon_pkg']
[0.142s] Level 1:colcon.colcon_core.package_identification:_identify(.) by extension 'colcon_pkg'
[0.142s] Level 1:colcon.colcon_core.package_identification:_identify(.) by extensions ['colcon_meta']
[0.142s] Level 1:colcon.colcon_core.package_identification:_identify(.) by extension 'colcon_meta'
[0.142s] Level 1:colcon.colcon_core.package_identification:_identify(.) by extensions ['ros']
[0.142s] Level 1:colcon.colcon_core.package_identification:_identify(.) by extension 'ros'
[0.149s] Level 1:colcon.colcon_core.package_identification:_identify(.) by extensions ['cmake', 'python']
[0.149s] Level 1:colcon.colcon_core.package_identification:_identify(.) by extension 'cmake'
[0.149s] Level 1:colcon.colcon_core.package_identification:_identify(.) by extension 'python'
[0.149s] Level 1:colcon.colcon_core.package_identification:_identify(.) by extensions ['python_setup_py']
[0.149s] Level 1:colcon.colcon_core.package_identification:_identify(.) by extension 'python_setup_py'
[0.149s] Level 1:colcon.colcon_core.package_identification:_identify(build) by extensions ['ignore', 'ignore_ament_install']
[0.149s] Level 1:colcon.colcon_core.package_identification:_identify(build) by extension 'ignore'
[0.149s] Level 1:colcon.colcon_core.package_identification:_identify(build) ignored
[0.149s] Level 1:colcon.colcon_core.package_identification:_identify(install) by extensions ['ignore', 'ignore_ament_install']
[0.149s] Level 1:colcon.colcon_core.package_identification:_identify(install) by extension 'ignore'
[0.149s] Level 1:colcon.colcon_core.package_identification:_identify(install) ignored
[0.149s] Level 1:colcon.colcon_core.package_identification:_identify(log) by extensions ['ignore', 'ignore_ament_install']
[0.149s] Level 1:colcon.colcon_core.package_identification:_identify(log) by extension 'ignore'
[0.149s] Level 1:colcon.colcon_core.package_identification:_identify(log) ignored
[0.149s] Level 1:colcon.colcon_core.package_identification:_identify(src) by extensions ['ignore', 'ignore_ament_install']
[0.149s] Level 1:colcon.colcon_core.package_identification:_identify(src) by extension 'ignore'
[0.149s] Level 1:colcon.colcon_core.package_identification:_identify(src) by extension 'ignore_ament_install'
[0.149s] Level 1:colcon.colcon_core.package_identification:_identify(src) by extensions ['colcon_pkg']
[0.149s] Level 1:colcon.colcon_core.package_identification:_identify(src) by extension 'colcon_pkg'
[0.149s] Level 1:colcon.colcon_core.package_identification:_identify(src) by extensions ['colcon_meta']
[0.149s] Level 1:colcon.colcon_core.package_identification:_identify(src) by extension 'colcon_meta'
[0.149s] Level 1:colcon.colcon_core.package_identification:_identify(src) by extensions ['ros']
[0.150s] Level 1:colcon.colcon_core.package_identification:_identify(src) by extension 'ros'
[0.150s] Level 1:colcon.colcon_core.package_identification:_identify(src) by extensions ['cmake', 'python']
[0.150s] Level 1:colcon.colcon_core.package_identification:_identify(src) by extension 'cmake'
[0.150s] Level 1:colcon.colcon_core.package_identification:_identify(src) by extension 'python'
[0.150s] Level 1:colcon.colcon_core.package_identification:_identify(src) by extensions ['python_setup_py']
[0.150s] Level 1:colcon.colcon_core.package_identification:_identify(src) by extension 'python_setup_py'
[0.150s] Level 1:colcon.colcon_core.package_identification:_identify(src/custom_msg) by extensions ['ignore', 'ignore_ament_install']
[0.150s] Level 1:colcon.colcon_core.package_identification:_identify(src/custom_msg) by extension 'ignore'
[0.150s] Level 1:colcon.colcon_core.package_identification:_identify(src/custom_msg) by extension 'ignore_ament_install'
[0.150s] Level 1:colcon.colcon_core.package_identification:_identify(src/custom_msg) by extensions ['colcon_pkg']
[0.150s] Level 1:colcon.colcon_core.package_identification:_identify(src/custom_msg) by extension 'colcon_pkg'
[0.150s] Level 1:colcon.colcon_core.package_identification:_identify(src/custom_msg) by extensions ['colcon_meta']
[0.150s] Level 1:colcon.colcon_core.package_identification:_identify(src/custom_msg) by extension 'colcon_meta'
[0.150s] Level 1:colcon.colcon_core.package_identification:_identify(src/custom_msg) by extensions ['ros']
[0.150s] Level 1:colcon.colcon_core.package_identification:_identify(src/custom_msg) by extension 'ros'
[0.151s] DEBUG:colcon.colcon_core.package_identification:Package 'src/custom_msg' with type 'ros.ament_cmake' and name 'custom_msg'
[0.151s] Level 1:colcon.colcon_core.package_identification:_identify(src/image_functions_sdfr) by extensions ['ignore', 'ignore_ament_install']
[0.151s] Level 1:colcon.colcon_core.package_identification:_identify(src/image_functions_sdfr) by extension 'ignore'
[0.151s] Level 1:colcon.colcon_core.package_identification:_identify(src/image_functions_sdfr) by extension 'ignore_ament_install'
[0.151s] Level 1:colcon.colcon_core.package_identification:_identify(src/image_functions_sdfr) by extensions ['colcon_pkg']
[0.151s] Level 1:colcon.colcon_core.package_identification:_identify(src/image_functions_sdfr) by extension 'colcon_pkg'
[0.151s] Level 1:colcon.colcon_core.package_identification:_identify(src/image_functions_sdfr) by extensions ['colcon_meta']
[0.152s] Level 1:colcon.colcon_core.package_identification:_identify(src/image_functions_sdfr) by extension 'colcon_meta'
[0.152s] Level 1:colcon.colcon_core.package_identification:_identify(src/image_functions_sdfr) by extensions ['ros']
[0.152s] Level 1:colcon.colcon_core.package_identification:_identify(src/image_functions_sdfr) by extension 'ros'
[0.152s] Level 1:colcon.colcon_core.package_identification:_identify(src/image_functions_sdfr) by extensions ['cmake', 'python']
[0.152s] Level 1:colcon.colcon_core.package_identification:_identify(src/image_functions_sdfr) by extension 'cmake'
[0.152s] Level 1:colcon.colcon_core.package_identification:_identify(src/image_functions_sdfr) by extension 'python'
[0.152s] Level 1:colcon.colcon_core.package_identification:_identify(src/image_functions_sdfr) by extensions ['python_setup_py']
[0.152s] Level 1:colcon.colcon_core.package_identification:_identify(src/image_functions_sdfr) by extension 'python_setup_py'
[0.152s] Level 1:colcon.colcon_core.package_identification:_identify(src/image_functions_sdfr/image_functions_sdfr) by extensions ['ignore', 'ignore_ament_install']
[0.152s] Level 1:colcon.colcon_core.package_identification:_identify(src/image_functions_sdfr/image_functions_sdfr) by extension 'ignore'
[0.152s] Level 1:colcon.colcon_core.package_identification:_identify(src/image_functions_sdfr/image_functions_sdfr) by extension 'ignore_ament_install'
[0.152s] Level 1:colcon.colcon_core.package_identification:_identify(src/image_functions_sdfr/image_functions_sdfr) by extensions ['colcon_pkg']
[0.152s] Level 1:colcon.colcon_core.package_identification:_identify(src/image_functions_sdfr/image_functions_sdfr) by extension 'colcon_pkg'
[0.152s] Level 1:colcon.colcon_core.package_identification:_identify(src/image_functions_sdfr/image_functions_sdfr) by extensions ['colcon_meta']
[0.152s] Level 1:colcon.colcon_core.package_identification:_identify(src/image_functions_sdfr/image_functions_sdfr) by extension 'colcon_meta'
[0.152s] Level 1:colcon.colcon_core.package_identification:_identify(src/image_functions_sdfr/image_functions_sdfr) by extensions ['ros']
[0.152s] Level 1:colcon.colcon_core.package_identification:_identify(src/image_functions_sdfr/image_functions_sdfr) by extension 'ros'
[0.152s] DEBUG:colcon.colcon_core.package_identification:Package 'src/image_functions_sdfr/image_functions_sdfr' with type 'ros.ament_cmake' and name 'image_functions_sdfr'
[0.152s] Level 1:colcon.colcon_core.package_identification:_identify(src/ros2-introduction) by extensions ['ignore', 'ignore_ament_install']
[0.152s] Level 1:colcon.colcon_core.package_identification:_identify(src/ros2-introduction) by extension 'ignore'
[0.152s] Level 1:colcon.colcon_core.package_identification:_identify(src/ros2-introduction) by extension 'ignore_ament_install'
[0.152s] Level 1:colcon.colcon_core.package_identification:_identify(src/ros2-introduction) by extensions ['colcon_pkg']
[0.152s] Level 1:colcon.colcon_core.package_identification:_identify(src/ros2-introduction) by extension 'colcon_pkg'
[0.152s] Level 1:colcon.colcon_core.package_identification:_identify(src/ros2-introduction) by extensions ['colcon_meta']
[0.152s] Level 1:colcon.colcon_core.package_identification:_identify(src/ros2-introduction) by extension 'colcon_meta'
[0.153s] Level 1:colcon.colcon_core.package_identification:_identify(src/ros2-introduction) by extensions ['ros']
[0.153s] Level 1:colcon.colcon_core.package_identification:_identify(src/ros2-introduction) by extension 'ros'
[0.153s] DEBUG:colcon.colcon_core.package_identification:Package 'src/ros2-introduction' with type 'ros.ament_cmake' and name 'ros2_introduction'
[0.153s] Level 1:colcon.colcon_core.package_identification:_identify(src/ros2_ball_detection) by extensions ['ignore', 'ignore_ament_install']
[0.153s] Level 1:colcon.colcon_core.package_identification:_identify(src/ros2_ball_detection) by extension 'ignore'
[0.153s] Level 1:colcon.colcon_core.package_identification:_identify(src/ros2_ball_detection) by extension 'ignore_ament_install'
[0.153s] Level 1:colcon.colcon_core.package_identification:_identify(src/ros2_ball_detection) by extensions ['colcon_pkg']
[0.153s] Level 1:colcon.colcon_core.package_identification:_identify(src/ros2_ball_detection) by extension 'colcon_pkg'
[0.153s] Level 1:colcon.colcon_core.package_identification:_identify(src/ros2_ball_detection) by extensions ['colcon_meta']
[0.153s] Level 1:colcon.colcon_core.package_identification:_identify(src/ros2_ball_detection) by extension 'colcon_meta'
[0.153s] Level 1:colcon.colcon_core.package_identification:_identify(src/ros2_ball_detection) by extensions ['ros']
[0.153s] Level 1:colcon.colcon_core.package_identification:_identify(src/ros2_ball_detection) by extension 'ros'
[0.154s] DEBUG:colcon.colcon_core.package_identification:Package 'src/ros2_ball_detection' with type 'ros.ament_cmake' and name 'ros2_ball_detection'
[0.154s] Level 1:colcon.colcon_core.package_discovery:discover_packages(recursive) using defaults
[0.154s] Level 1:colcon.colcon_core.package_discovery:discover_packages(ignore) discover
[0.154s] Level 1:colcon.colcon_core.package_discovery:discover_packages(ignore) using defaults
[0.154s] Level 1:colcon.colcon_core.package_discovery:discover_packages(path) discover
[0.154s] Level 1:colcon.colcon_core.package_discovery:discover_packages(path) using defaults
[0.165s] Level 1:colcon.colcon_core.package_discovery:discover_packages(prefix_path) check parameters
[0.166s] Level 1:colcon.colcon_core.package_discovery:discover_packages(prefix_path) discover
[0.167s] DEBUG:colcon.colcon_installed_package_information.package_discovery:Found 270 installed packages in /opt/ros/humble
[0.174s] Level 1:colcon.colcon_core.package_discovery:discover_packages(prefix_path) using defaults
[0.193s] Level 5:colcon.colcon_core.verb:set package 'custom_msg' build argument 'cmake_args' from command line to 'None'
[0.193s] Level 5:colcon.colcon_core.verb:set package 'custom_msg' build argument 'cmake_target' from command line to 'None'
[0.193s] Level 5:colcon.colcon_core.verb:set package 'custom_msg' build argument 'cmake_target_skip_unavailable' from command line to 'False'
[0.193s] Level 5:colcon.colcon_core.verb:set package 'custom_msg' build argument 'cmake_clean_cache' from command line to 'False'
[0.193s] Level 5:colcon.colcon_core.verb:set package 'custom_msg' build argument 'cmake_clean_first' from command line to 'False'
[0.193s] Level 5:colcon.colcon_core.verb:set package 'custom_msg' build argument 'cmake_force_configure' from command line to 'False'
[0.193s] Level 5:colcon.colcon_core.verb:set package 'custom_msg' build argument 'ament_cmake_args' from command line to 'None'
[0.193s] Level 5:colcon.colcon_core.verb:set package 'custom_msg' build argument 'catkin_cmake_args' from command line to 'None'
[0.193s] Level 5:colcon.colcon_core.verb:set package 'custom_msg' build argument 'catkin_skip_building_tests' from command line to 'False'
[0.193s] DEBUG:colcon.colcon_core.verb:Building package 'custom_msg' with the following arguments: {'ament_cmake_args': None, 'build_base': '/home/migueloteo/Desktop/Software-Development/28-SDfR-FinalProject/sdfr_ws/build/custom_msg', 'catkin_cmake_args': None, 'catkin_skip_building_tests': False, 'cmake_args': None, 'cmake_clean_cache': False, 'cmake_clean_first': False, 'cmake_force_configure': False, 'cmake_target': None, 'cmake_target_skip_unavailable': False, 'install_base': '/home/migueloteo/Desktop/Software-Development/28-SDfR-FinalProject/sdfr_ws/install/custom_msg', 'merge_install': False, 'path': '/home/migueloteo/Desktop/Software-Development/28-SDfR-FinalProject/sdfr_ws/src/custom_msg', 'symlink_install': False, 'test_result_base': None}
[0.194s] Level 5:colcon.colcon_core.verb:set package 'image_functions_sdfr' build argument 'cmake_args' from command line to 'None'
[0.194s] Level 5:colcon.colcon_core.verb:set package 'image_functions_sdfr' build argument 'cmake_target' from command line to 'None'
[0.194s] Level 5:colcon.colcon_core.verb:set package 'image_functions_sdfr' build argument 'cmake_target_skip_unavailable' from command line to 'False'
[0.194s] Level 5:colcon.colcon_core.verb:set package 'image_functions_sdfr' build argument 'cmake_clean_cache' from command line to 'False'
[0.194s] Level 5:colcon.colcon_core.verb:set package 'image_functions_sdfr' build argument 'cmake_clean_first' from command line to 'False'
[0.194s] Level 5:colcon.colcon_core.verb:set package 'image_functions_sdfr' build argument 'cmake_force_configure' from command line to 'False'
[0.194s] Level 5:colcon.colcon_core.verb:set package 'image_functions_sdfr' build argument 'ament_cmake_args' from command line to 'None'
[0.194s] Level 5:colcon.colcon_core.verb:set package 'image_functions_sdfr' build argument 'catkin_cmake_args' from command line to 'None'
[0.194s] Level 5:colcon.colcon_core.verb:set package 'image_functions_sdfr' build argument 'catkin_skip_building_tests' from command line to 'False'
[0.194s] DEBUG:colcon.colcon_core.verb:Building package 'image_functions_sdfr' with the following arguments: {'ament_cmake_args': None, 'build_base': '/home/migueloteo/Desktop/Software-Development/28-SDfR-FinalProject/sdfr_ws/build/image_functions_sdfr', 'catkin_cmake_args': None, 'catkin_skip_building_tests': False, 'cmake_args': None, 'cmake_clean_cache': False, 'cmake_clean_first': False, 'cmake_force_configure': False, 'cmake_target': None, 'cmake_target_skip_unavailable': False, 'install_base': '/home/migueloteo/Desktop/Software-Development/28-SDfR-FinalProject/sdfr_ws/install/image_functions_sdfr', 'merge_install': False, 'path': '/home/migueloteo/Desktop/Software-Development/28-SDfR-FinalProject/sdfr_ws/src/image_functions_sdfr/image_functions_sdfr', 'symlink_install': False, 'test_result_base': None}
[0.194s] Level 5:colcon.colcon_core.verb:set package 'ros2_ball_detection' build argument 'cmake_args' from command line to 'None'
[0.194s] Level 5:colcon.colcon_core.verb:set package 'ros2_ball_detection' build argument 'cmake_target' from command line to 'None'
[0.194s] Level 5:colcon.colcon_core.verb:set package 'ros2_ball_detection' build argument 'cmake_target_skip_unavailable' from command line to 'False'
[0.194s] Level 5:colcon.colcon_core.verb:set package 'ros2_ball_detection' build argument 'cmake_clean_cache' from command line to 'False'
[0.194s] Level 5:colcon.colcon_core.verb:set package 'ros2_ball_detection' build argument 'cmake_clean_first' from command line to 'False'
[0.194s] Level 5:colcon.colcon_core.verb:set package 'ros2_ball_detection' build argument 'cmake_force_configure' from command line to 'False'
[0.194s] Level 5:colcon.colcon_core.verb:set package 'ros2_ball_detection' build argument 'ament_cmake_args' from command line to 'None'
[0.194s] Level 5:colcon.colcon_core.verb:set package 'ros2_ball_detection' build argument 'catkin_cmake_args' from command line to 'None'
[0.194s] Level 5:colcon.colcon_core.verb:set package 'ros2_ball_detection' build argument 'catkin_skip_building_tests' from command line to 'False'
[0.194s] DEBUG:colcon.colcon_core.verb:Building package 'ros2_ball_detection' with the following arguments: {'ament_cmake_args': None, 'build_base': '/home/migueloteo/Desktop/Software-Development/28-SDfR-FinalProject/sdfr_ws/build/ros2_ball_detection', 'catkin_cmake_args': None, 'catkin_skip_building_tests': False, 'cmake_args': None, 'cmake_clean_cache': False, 'cmake_clean_first': False, 'cmake_force_configure': False, 'cmake_target': None, 'cmake_target_skip_unavailable': False, 'install_base': '/home/migueloteo/Desktop/Software-Development/28-SDfR-FinalProject/sdfr_ws/install/ros2_ball_detection', 'merge_install': False, 'path': '/home/migueloteo/Desktop/Software-Development/28-SDfR-FinalProject/sdfr_ws/src/ros2_ball_detection', 'symlink_install': False, 'test_result_base': None}
[0.194s] Level 5:colcon.colcon_core.verb:set package 'ros2_introduction' build argument 'cmake_args' from command line to 'None'
[0.194s] Level 5:colcon.colcon_core.verb:set package 'ros2_introduction' build argument 'cmake_target' from command line to 'None'
[0.194s] Level 5:colcon.colcon_core.verb:set package 'ros2_introduction' build argument 'cmake_target_skip_unavailable' from command line to 'False'
[0.194s] Level 5:colcon.colcon_core.verb:set package 'ros2_introduction' build argument 'cmake_clean_cache' from command line to 'False'
[0.194s] Level 5:colcon.colcon_core.verb:set package 'ros2_introduction' build argument 'cmake_clean_first' from command line to 'False'
[0.194s] Level 5:colcon.colcon_core.verb:set package 'ros2_introduction' build argument 'cmake_force_configure' from command line to 'False'
[0.194s] Level 5:colcon.colcon_core.verb:set package 'ros2_introduction' build argument 'ament_cmake_args' from command line to 'None'
[0.194s] Level 5:colcon.colcon_core.verb:set package 'ros2_introduction' build argument 'catkin_cmake_args' from command line to 'None'
[0.194s] Level 5:colcon.colcon_core.verb:set package 'ros2_introduction' build argument 'catkin_skip_building_tests' from command line to 'False'
[0.194s] DEBUG:colcon.colcon_core.verb:Building package 'ros2_introduction' with the following arguments: {'ament_cmake_args': None, 'build_base': '/home/migueloteo/Desktop/Software-Development/28-SDfR-FinalProject/sdfr_ws/build/ros2_introduction', 'catkin_cmake_args': None, 'catkin_skip_building_tests': False, 'cmake_args': None, 'cmake_clean_cache': False, 'cmake_clean_first': False, 'cmake_force_configure': False, 'cmake_target': None, 'cmake_target_skip_unavailable': False, 'install_base': '/home/migueloteo/Desktop/Software-Development/28-SDfR-FinalProject/sdfr_ws/install/ros2_introduction', 'merge_install': False, 'path': '/home/migueloteo/Desktop/Software-Development/28-SDfR-FinalProject/sdfr_ws/src/ros2-introduction', 'symlink_install': False, 'test_result_base': None}
[0.194s] INFO:colcon.colcon_core.executor:Executing jobs using 'parallel' executor
[0.195s] DEBUG:colcon.colcon_parallel_executor.executor.parallel:run_until_complete
[0.195s] INFO:colcon.colcon_ros.task.ament_cmake.build:Building ROS package in '/home/migueloteo/Desktop/Software-Development/28-SDfR-FinalProject/sdfr_ws/src/custom_msg' with build type 'ament_cmake'
[0.195s] INFO:colcon.colcon_cmake.task.cmake.build:Building CMake package in '/home/migueloteo/Desktop/Software-Development/28-SDfR-FinalProject/sdfr_ws/src/custom_msg'
[0.196s] INFO:colcon.colcon_core.plugin_system:Skipping extension 'colcon_core.shell.bat': Not used on non-Windows systems
[0.196s] INFO:colcon.colcon_core.shell:Skip shell extension 'powershell' for command environment: Not usable outside of PowerShell
[0.196s] DEBUG:colcon.colcon_core.shell:Skip shell extension 'dsv' for command environment
[0.198s] INFO:colcon.colcon_ros.task.ament_cmake.build:Building ROS package in '/home/migueloteo/Desktop/Software-Development/28-SDfR-FinalProject/sdfr_ws/src/image_functions_sdfr/image_functions_sdfr' with build type 'ament_cmake'
[0.198s] INFO:colcon.colcon_cmake.task.cmake.build:Building CMake package in '/home/migueloteo/Desktop/Software-Development/28-SDfR-FinalProject/sdfr_ws/src/image_functions_sdfr/image_functions_sdfr'
[0.198s] INFO:colcon.colcon_core.shell:Skip shell extension 'powershell' for command environment: Not usable outside of PowerShell
[0.198s] DEBUG:colcon.colcon_core.shell:Skip shell extension 'dsv' for command environment
[0.202s] DEBUG:colcon.colcon_core.event_handler.log_command:Invoking command in '/home/migueloteo/Desktop/Software-Development/28-SDfR-FinalProject/sdfr_ws/build/custom_msg': CMAKE_PREFIX_PATH=/opt/ros/humble /usr/bin/cmake --build /home/migueloteo/Desktop/Software-Development/28-SDfR-FinalProject/sdfr_ws/build/custom_msg -- -j12 -l12
[0.205s] DEBUG:colcon.colcon_core.event_handler.log_command:Invoking command in '/home/migueloteo/Desktop/Software-Development/28-SDfR-FinalProject/sdfr_ws/build/image_functions_sdfr': CMAKE_PREFIX_PATH=/opt/ros/humble /usr/bin/cmake --build /home/migueloteo/Desktop/Software-Development/28-SDfR-FinalProject/sdfr_ws/build/image_functions_sdfr -- -j12 -l12
[0.252s] DEBUG:colcon.colcon_core.event_handler.log_command:Invoked command in '/home/migueloteo/Desktop/Software-Development/28-SDfR-FinalProject/sdfr_ws/build/image_functions_sdfr' returned '0': CMAKE_PREFIX_PATH=/opt/ros/humble /usr/bin/cmake --build /home/migueloteo/Desktop/Software-Development/28-SDfR-FinalProject/sdfr_ws/build/image_functions_sdfr -- -j12 -l12
[0.272s] DEBUG:colcon.colcon_core.event_handler.log_command:Invoking command in '/home/migueloteo/Desktop/Software-Development/28-SDfR-FinalProject/sdfr_ws/build/image_functions_sdfr': CMAKE_PREFIX_PATH=/opt/ros/humble /usr/bin/cmake --install /home/migueloteo/Desktop/Software-Development/28-SDfR-FinalProject/sdfr_ws/build/image_functions_sdfr
[0.278s] Level 1:colcon.colcon_core.environment:create_environment_scripts_only(image_functions_sdfr)
[0.280s] DEBUG:colcon.colcon_core.event_handler.log_command:Invoked command in '/home/migueloteo/Desktop/Software-Development/28-SDfR-FinalProject/sdfr_ws/build/image_functions_sdfr' returned '0': CMAKE_PREFIX_PATH=/opt/ros/humble /usr/bin/cmake --install /home/migueloteo/Desktop/Software-Development/28-SDfR-FinalProject/sdfr_ws/build/image_functions_sdfr
[0.280s] Level 1:colcon.colcon_core.environment:checking '/home/migueloteo/Desktop/Software-Development/28-SDfR-FinalProject/sdfr_ws/install/image_functions_sdfr' for CMake module files
[0.280s] Level 1:colcon.colcon_core.environment:checking '/home/migueloteo/Desktop/Software-Development/28-SDfR-FinalProject/sdfr_ws/install/image_functions_sdfr' for CMake config files
[0.281s] Level 1:colcon.colcon_core.shell:create_environment_hook('image_functions_sdfr', 'cmake_prefix_path')
[0.281s] INFO:colcon.colcon_core.shell:Creating environment hook '/home/migueloteo/Desktop/Software-Development/28-SDfR-FinalProject/sdfr_ws/install/image_functions_sdfr/share/image_functions_sdfr/hook/cmake_prefix_path.ps1'
[0.281s] INFO:colcon.colcon_core.shell:Creating environment descriptor '/home/migueloteo/Desktop/Software-Development/28-SDfR-FinalProject/sdfr_ws/install/image_functions_sdfr/share/image_functions_sdfr/hook/cmake_prefix_path.dsv'
[0.281s] INFO:colcon.colcon_core.shell:Creating environment hook '/home/migueloteo/Desktop/Software-Development/28-SDfR-FinalProject/sdfr_ws/install/image_functions_sdfr/share/image_functions_sdfr/hook/cmake_prefix_path.sh'
[0.282s] Level 1:colcon.colcon_core.environment:checking '/home/migueloteo/Desktop/Software-Development/28-SDfR-FinalProject/sdfr_ws/install/image_functions_sdfr/lib'
[0.282s] Level 1:colcon.colcon_core.shell:create_environment_hook('image_functions_sdfr', 'ld_library_path_lib')
[0.282s] INFO:colcon.colcon_core.shell:Creating environment hook '/home/migueloteo/Desktop/Software-Development/28-SDfR-FinalProject/sdfr_ws/install/image_functions_sdfr/share/image_functions_sdfr/hook/ld_library_path_lib.ps1'
[0.282s] INFO:colcon.colcon_core.shell:Creating environment descriptor '/home/migueloteo/Desktop/Software-Development/28-SDfR-FinalProject/sdfr_ws/install/image_functions_sdfr/share/image_functions_sdfr/hook/ld_library_path_lib.dsv'
[0.282s] INFO:colcon.colcon_core.shell:Creating environment hook '/home/migueloteo/Desktop/Software-Development/28-SDfR-FinalProject/sdfr_ws/install/image_functions_sdfr/share/image_functions_sdfr/hook/ld_library_path_lib.sh'
[0.282s] Level 1:colcon.colcon_core.environment:checking '/home/migueloteo/Desktop/Software-Development/28-SDfR-FinalProject/sdfr_ws/install/image_functions_sdfr/bin'
[0.283s] Level 1:colcon.colcon_core.environment:checking '/home/migueloteo/Desktop/Software-Development/28-SDfR-FinalProject/sdfr_ws/install/image_functions_sdfr/lib/pkgconfig/image_functions_sdfr.pc'
[0.283s] Level 1:colcon.colcon_core.environment:checking '/home/migueloteo/Desktop/Software-Development/28-SDfR-FinalProject/sdfr_ws/install/image_functions_sdfr/lib/python3.10/site-packages'
[0.283s] Level 1:colcon.colcon_core.environment:checking '/home/migueloteo/Desktop/Software-Development/28-SDfR-FinalProject/sdfr_ws/install/image_functions_sdfr/bin'
[0.283s] INFO:colcon.colcon_core.shell:Creating package script '/home/migueloteo/Desktop/Software-Development/28-SDfR-FinalProject/sdfr_ws/install/image_functions_sdfr/share/image_functions_sdfr/package.ps1'
[0.284s] INFO:colcon.colcon_core.shell:Creating package descriptor '/home/migueloteo/Desktop/Software-Development/28-SDfR-FinalProject/sdfr_ws/install/image_functions_sdfr/share/image_functions_sdfr/package.dsv'
[0.284s] INFO:colcon.colcon_core.shell:Creating package script '/home/migueloteo/Desktop/Software-Development/28-SDfR-FinalProject/sdfr_ws/install/image_functions_sdfr/share/image_functions_sdfr/package.sh'
[0.284s] INFO:colcon.colcon_core.shell:Creating package script '/home/migueloteo/Desktop/Software-Development/28-SDfR-FinalProject/sdfr_ws/install/image_functions_sdfr/share/image_functions_sdfr/package.bash'
[0.285s] INFO:colcon.colcon_core.shell:Creating package script '/home/migueloteo/Desktop/Software-Development/28-SDfR-FinalProject/sdfr_ws/install/image_functions_sdfr/share/image_functions_sdfr/package.zsh'
[0.285s] Level 1:colcon.colcon_core.environment:create_file_with_runtime_dependencies(/home/migueloteo/Desktop/Software-Development/28-SDfR-FinalProject/sdfr_ws/install/image_functions_sdfr/share/colcon-core/packages/image_functions_sdfr)
[0.298s] Level 1:colcon.colcon_core.environment:create_environment_scripts_only(image_functions_sdfr)
[0.298s] Level 1:colcon.colcon_core.environment:checking '/home/migueloteo/Desktop/Software-Development/28-SDfR-FinalProject/sdfr_ws/install/image_functions_sdfr' for CMake module files
[0.299s] Level 1:colcon.colcon_core.environment:checking '/home/migueloteo/Desktop/Software-Development/28-SDfR-FinalProject/sdfr_ws/install/image_functions_sdfr' for CMake config files
[0.299s] Level 1:colcon.colcon_core.shell:create_environment_hook('image_functions_sdfr', 'cmake_prefix_path')
[0.299s] INFO:colcon.colcon_core.shell:Creating environment hook '/home/migueloteo/Desktop/Software-Development/28-SDfR-FinalProject/sdfr_ws/install/image_functions_sdfr/share/image_functions_sdfr/hook/cmake_prefix_path.ps1'
[0.299s] INFO:colcon.colcon_core.shell:Creating environment descriptor '/home/migueloteo/Desktop/Software-Development/28-SDfR-FinalProject/sdfr_ws/install/image_functions_sdfr/share/image_functions_sdfr/hook/cmake_prefix_path.dsv'
[0.299s] INFO:colcon.colcon_core.shell:Creating environment hook '/home/migueloteo/Desktop/Software-Development/28-SDfR-FinalProject/sdfr_ws/install/image_functions_sdfr/share/image_functions_sdfr/hook/cmake_prefix_path.sh'
[0.300s] Level 1:colcon.colcon_core.environment:checking '/home/migueloteo/Desktop/Software-Development/28-SDfR-FinalProject/sdfr_ws/install/image_functions_sdfr/lib'
[0.300s] Level 1:colcon.colcon_core.shell:create_environment_hook('image_functions_sdfr', 'ld_library_path_lib')
[0.300s] INFO:colcon.colcon_core.shell:Creating environment hook '/home/migueloteo/Desktop/Software-Development/28-SDfR-FinalProject/sdfr_ws/install/image_functions_sdfr/share/image_functions_sdfr/hook/ld_library_path_lib.ps1'
[0.300s] INFO:colcon.colcon_core.shell:Creating environment descriptor '/home/migueloteo/Desktop/Software-Development/28-SDfR-FinalProject/sdfr_ws/install/image_functions_sdfr/share/image_functions_sdfr/hook/ld_library_path_lib.dsv'
[0.300s] INFO:colcon.colcon_core.shell:Creating environment hook '/home/migueloteo/Desktop/Software-Development/28-SDfR-FinalProject/sdfr_ws/install/image_functions_sdfr/share/image_functions_sdfr/hook/ld_library_path_lib.sh'
[0.300s] Level 1:colcon.colcon_core.environment:checking '/home/migueloteo/Desktop/Software-Development/28-SDfR-FinalProject/sdfr_ws/install/image_functions_sdfr/bin'
[0.300s] Level 1:colcon.colcon_core.environment:checking '/home/migueloteo/Desktop/Software-Development/28-SDfR-FinalProject/sdfr_ws/install/image_functions_sdfr/lib/pkgconfig/image_functions_sdfr.pc'
[0.301s] Level 1:colcon.colcon_core.environment:checking '/home/migueloteo/Desktop/Software-Development/28-SDfR-FinalProject/sdfr_ws/install/image_functions_sdfr/lib/python3.10/site-packages'
[0.301s] Level 1:colcon.colcon_core.environment:checking '/home/migueloteo/Desktop/Software-Development/28-SDfR-FinalProject/sdfr_ws/install/image_functions_sdfr/bin'
[0.301s] INFO:colcon.colcon_core.shell:Creating package script '/home/migueloteo/Desktop/Software-Development/28-SDfR-FinalProject/sdfr_ws/install/image_functions_sdfr/share/image_functions_sdfr/package.ps1'
[0.301s] INFO:colcon.colcon_core.shell:Creating package descriptor '/home/migueloteo/Desktop/Software-Development/28-SDfR-FinalProject/sdfr_ws/install/image_functions_sdfr/share/image_functions_sdfr/package.dsv'
[0.301s] INFO:colcon.colcon_core.shell:Creating package script '/home/migueloteo/Desktop/Software-Development/28-SDfR-FinalProject/sdfr_ws/install/image_functions_sdfr/share/image_functions_sdfr/package.sh'
[0.302s] INFO:colcon.colcon_core.shell:Creating package script '/home/migueloteo/Desktop/Software-Development/28-SDfR-FinalProject/sdfr_ws/install/image_functions_sdfr/share/image_functions_sdfr/package.bash'
[0.302s] INFO:colcon.colcon_core.shell:Creating package script '/home/migueloteo/Desktop/Software-Development/28-SDfR-FinalProject/sdfr_ws/install/image_functions_sdfr/share/image_functions_sdfr/package.zsh'
[0.302s] Level 1:colcon.colcon_core.environment:create_file_with_runtime_dependencies(/home/migueloteo/Desktop/Software-Development/28-SDfR-FinalProject/sdfr_ws/install/image_functions_sdfr/share/colcon-core/packages/image_functions_sdfr)
[1.005s] DEBUG:colcon.colcon_core.event_handler.log_command:Invoked command in '/home/migueloteo/Desktop/Software-Development/28-SDfR-FinalProject/sdfr_ws/build/custom_msg' returned '0': CMAKE_PREFIX_PATH=/opt/ros/humble /usr/bin/cmake --build /home/migueloteo/Desktop/Software-Development/28-SDfR-FinalProject/sdfr_ws/build/custom_msg -- -j12 -l12
[1.041s] DEBUG:colcon.colcon_core.event_handler.log_command:Invoking command in '/home/migueloteo/Desktop/Software-Development/28-SDfR-FinalProject/sdfr_ws/build/custom_msg': CMAKE_PREFIX_PATH=/opt/ros/humble /usr/bin/cmake --install /home/migueloteo/Desktop/Software-Development/28-SDfR-FinalProject/sdfr_ws/build/custom_msg
[1.073s] Level 1:colcon.colcon_core.environment:create_environment_scripts_only(custom_msg)
[1.074s] Level 1:colcon.colcon_core.environment:checking '/home/migueloteo/Desktop/Software-Development/28-SDfR-FinalProject/sdfr_ws/install/custom_msg' for CMake module files
[1.074s] Level 1:colcon.colcon_core.environment:checking '/home/migueloteo/Desktop/Software-Development/28-SDfR-FinalProject/sdfr_ws/install/custom_msg' for CMake config files
[1.075s] DEBUG:colcon.colcon_core.event_handler.log_command:Invoked command in '/home/migueloteo/Desktop/Software-Development/28-SDfR-FinalProject/sdfr_ws/build/custom_msg' returned '0': CMAKE_PREFIX_PATH=/opt/ros/humble /usr/bin/cmake --install /home/migueloteo/Desktop/Software-Development/28-SDfR-FinalProject/sdfr_ws/build/custom_msg
[1.075s] Level 1:colcon.colcon_core.shell:create_environment_hook('custom_msg', 'cmake_prefix_path')
[1.075s] INFO:colcon.colcon_core.shell:Creating environment hook '/home/migueloteo/Desktop/Software-Development/28-SDfR-FinalProject/sdfr_ws/install/custom_msg/share/custom_msg/hook/cmake_prefix_path.ps1'
[1.076s] INFO:colcon.colcon_core.shell:Creating environment descriptor '/home/migueloteo/Desktop/Software-Development/28-SDfR-FinalProject/sdfr_ws/install/custom_msg/share/custom_msg/hook/cmake_prefix_path.dsv'
[1.076s] INFO:colcon.colcon_core.shell:Creating environment hook '/home/migueloteo/Desktop/Software-Development/28-SDfR-FinalProject/sdfr_ws/install/custom_msg/share/custom_msg/hook/cmake_prefix_path.sh'
[1.076s] Level 1:colcon.colcon_core.environment:checking '/home/migueloteo/Desktop/Software-Development/28-SDfR-FinalProject/sdfr_ws/install/custom_msg/lib'
[1.076s] Level 1:colcon.colcon_core.shell:create_environment_hook('custom_msg', 'ld_library_path_lib')
[1.076s] INFO:colcon.colcon_core.shell:Creating environment hook '/home/migueloteo/Desktop/Software-Development/28-SDfR-FinalProject/sdfr_ws/install/custom_msg/share/custom_msg/hook/ld_library_path_lib.ps1'
[1.076s] INFO:colcon.colcon_core.shell:Creating environment descriptor '/home/migueloteo/Desktop/Software-Development/28-SDfR-FinalProject/sdfr_ws/install/custom_msg/share/custom_msg/hook/ld_library_path_lib.dsv'
[1.077s] INFO:colcon.colcon_core.shell:Creating environment hook '/home/migueloteo/Desktop/Software-Development/28-SDfR-FinalProject/sdfr_ws/install/custom_msg/share/custom_msg/hook/ld_library_path_lib.sh'
[1.077s] Level 1:colcon.colcon_core.environment:checking '/home/migueloteo/Desktop/Software-Development/28-SDfR-FinalProject/sdfr_ws/install/custom_msg/bin'
[1.077s] Level 1:colcon.colcon_core.environment:checking '/home/migueloteo/Desktop/Software-Development/28-SDfR-FinalProject/sdfr_ws/install/custom_msg/lib/pkgconfig/custom_msg.pc'
[1.077s] Level 1:colcon.colcon_core.environment:checking '/home/migueloteo/Desktop/Software-Development/28-SDfR-FinalProject/sdfr_ws/install/custom_msg/lib/python3.10/site-packages'
[1.077s] Level 1:colcon.colcon_core.environment:checking '/home/migueloteo/Desktop/Software-Development/28-SDfR-FinalProject/sdfr_ws/install/custom_msg/bin'
[1.077s] INFO:colcon.colcon_core.shell:Creating package script '/home/migueloteo/Desktop/Software-Development/28-SDfR-FinalProject/sdfr_ws/install/custom_msg/share/custom_msg/package.ps1'
[1.077s] INFO:colcon.colcon_core.shell:Creating package descriptor '/home/migueloteo/Desktop/Software-Development/28-SDfR-FinalProject/sdfr_ws/install/custom_msg/share/custom_msg/package.dsv'
[1.078s] INFO:colcon.colcon_core.shell:Creating package script '/home/migueloteo/Desktop/Software-Development/28-SDfR-FinalProject/sdfr_ws/install/custom_msg/share/custom_msg/package.sh'
[1.078s] INFO:colcon.colcon_core.shell:Creating package script '/home/migueloteo/Desktop/Software-Development/28-SDfR-FinalProject/sdfr_ws/install/custom_msg/share/custom_msg/package.bash'
[1.078s] INFO:colcon.colcon_core.shell:Creating package script '/home/migueloteo/Desktop/Software-Development/28-SDfR-FinalProject/sdfr_ws/install/custom_msg/share/custom_msg/package.zsh'
[1.078s] Level 1:colcon.colcon_core.environment:create_file_with_runtime_dependencies(/home/migueloteo/Desktop/Software-Development/28-SDfR-FinalProject/sdfr_ws/install/custom_msg/share/colcon-core/packages/custom_msg)
[1.112s] Level 1:colcon.colcon_core.environment:create_environment_scripts_only(custom_msg)
[1.113s] Level 1:colcon.colcon_core.environment:checking '/home/migueloteo/Desktop/Software-Development/28-SDfR-FinalProject/sdfr_ws/install/custom_msg' for CMake module files
[1.113s] Level 1:colcon.colcon_core.environment:checking '/home/migueloteo/Desktop/Software-Development/28-SDfR-FinalProject/sdfr_ws/install/custom_msg' for CMake config files
[1.114s] Level 1:colcon.colcon_core.shell:create_environment_hook('custom_msg', 'cmake_prefix_path')
[1.114s] INFO:colcon.colcon_core.shell:Creating environment hook '/home/migueloteo/Desktop/Software-Development/28-SDfR-FinalProject/sdfr_ws/install/custom_msg/share/custom_msg/hook/cmake_prefix_path.ps1'
[1.114s] INFO:colcon.colcon_core.shell:Creating environment descriptor '/home/migueloteo/Desktop/Software-Development/28-SDfR-FinalProject/sdfr_ws/install/custom_msg/share/custom_msg/hook/cmake_prefix_path.dsv'
[1.115s] INFO:colcon.colcon_core.shell:Creating environment hook '/home/migueloteo/Desktop/Software-Development/28-SDfR-FinalProject/sdfr_ws/install/custom_msg/share/custom_msg/hook/cmake_prefix_path.sh'
[1.115s] Level 1:colcon.colcon_core.environment:checking '/home/migueloteo/Desktop/Software-Development/28-SDfR-FinalProject/sdfr_ws/install/custom_msg/lib'
[1.115s] Level 1:colcon.colcon_core.shell:create_environment_hook('custom_msg', 'ld_library_path_lib')
[1.115s] INFO:colcon.colcon_core.shell:Creating environment hook '/home/migueloteo/Desktop/Software-Development/28-SDfR-FinalProject/sdfr_ws/install/custom_msg/share/custom_msg/hook/ld_library_path_lib.ps1'
[1.116s] INFO:colcon.colcon_core.shell:Creating environment descriptor '/home/migueloteo/Desktop/Software-Development/28-SDfR-FinalProject/sdfr_ws/install/custom_msg/share/custom_msg/hook/ld_library_path_lib.dsv'
[1.116s] INFO:colcon.colcon_core.shell:Creating environment hook '/home/migueloteo/Desktop/Software-Development/28-SDfR-FinalProject/sdfr_ws/install/custom_msg/share/custom_msg/hook/ld_library_path_lib.sh'
[1.116s] Level 1:colcon.colcon_core.environment:checking '/home/migueloteo/Desktop/Software-Development/28-SDfR-FinalProject/sdfr_ws/install/custom_msg/bin'
[1.116s] Level 1:colcon.colcon_core.environment:checking '/home/migueloteo/Desktop/Software-Development/28-SDfR-FinalProject/sdfr_ws/install/custom_msg/lib/pkgconfig/custom_msg.pc'
[1.116s] Level 1:colcon.colcon_core.environment:checking '/home/migueloteo/Desktop/Software-Development/28-SDfR-FinalProject/sdfr_ws/install/custom_msg/lib/python3.10/site-packages'
[1.117s] Level 1:colcon.colcon_core.environment:checking '/home/migueloteo/Desktop/Software-Development/28-SDfR-FinalProject/sdfr_ws/install/custom_msg/bin'
[1.117s] INFO:colcon.colcon_core.shell:Creating package script '/home/migueloteo/Desktop/Software-Development/28-SDfR-FinalProject/sdfr_ws/install/custom_msg/share/custom_msg/package.ps1'
[1.117s] INFO:colcon.colcon_core.shell:Creating package descriptor '/home/migueloteo/Desktop/Software-Development/28-SDfR-FinalProject/sdfr_ws/install/custom_msg/share/custom_msg/package.dsv'
[1.118s] INFO:colcon.colcon_core.shell:Creating package script '/home/migueloteo/Desktop/Software-Development/28-SDfR-FinalProject/sdfr_ws/install/custom_msg/share/custom_msg/package.sh'
[1.118s] INFO:colcon.colcon_core.shell:Creating package script '/home/migueloteo/Desktop/Software-Development/28-SDfR-FinalProject/sdfr_ws/install/custom_msg/share/custom_msg/package.bash'
[1.118s] INFO:colcon.colcon_core.shell:Creating package script '/home/migueloteo/Desktop/Software-Development/28-SDfR-FinalProject/sdfr_ws/install/custom_msg/share/custom_msg/package.zsh'
[1.119s] Level 1:colcon.colcon_core.environment:create_file_with_runtime_dependencies(/home/migueloteo/Desktop/Software-Development/28-SDfR-FinalProject/sdfr_ws/install/custom_msg/share/colcon-core/packages/custom_msg)
[1.119s] INFO:colcon.colcon_ros.task.ament_cmake.build:Building ROS package in '/home/migueloteo/Desktop/Software-Development/28-SDfR-FinalProject/sdfr_ws/src/ros2_ball_detection' with build type 'ament_cmake'
[1.119s] INFO:colcon.colcon_cmake.task.cmake.build:Building CMake package in '/home/migueloteo/Desktop/Software-Development/28-SDfR-FinalProject/sdfr_ws/src/ros2_ball_detection'
[1.119s] INFO:colcon.colcon_core.shell:Skip shell extension 'powershell' for command environment: Not usable outside of PowerShell
[1.119s] DEBUG:colcon.colcon_core.shell:Skip shell extension 'dsv' for command environment
[1.121s] INFO:colcon.colcon_ros.task.ament_cmake.build:Building ROS package in '/home/migueloteo/Desktop/Software-Development/28-SDfR-FinalProject/sdfr_ws/src/ros2-introduction' with build type 'ament_cmake'
[1.121s] INFO:colcon.colcon_cmake.task.cmake.build:Building CMake package in '/home/migueloteo/Desktop/Software-Development/28-SDfR-FinalProject/sdfr_ws/src/ros2-introduction'
[1.121s] INFO:colcon.colcon_core.shell:Skip shell extension 'powershell' for command environment: Not usable outside of PowerShell
[1.121s] DEBUG:colcon.colcon_core.shell:Skip shell extension 'dsv' for command environment
[1.126s] DEBUG:colcon.colcon_core.event_handler.log_command:Invoking command in '/home/migueloteo/Desktop/Software-Development/28-SDfR-FinalProject/sdfr_ws/build/ros2_ball_detection': AMENT_PREFIX_PATH=/home/migueloteo/Desktop/Software-Development/28-SDfR-FinalProject/sdfr_ws/install/custom_msg:${AMENT_PREFIX_PATH} CMAKE_PREFIX_PATH=/home/migueloteo/Desktop/Software-Development/28-SDfR-FinalProject/sdfr_ws/install/custom_msg:/opt/ros/humble LD_LIBRARY_PATH=/home/migueloteo/Desktop/Software-Development/28-SDfR-FinalProject/sdfr_ws/install/custom_msg/lib:${LD_LIBRARY_PATH} PYTHONPATH=/home/migueloteo/Desktop/Software-Development/28-SDfR-FinalProject/sdfr_ws/install/custom_msg/local/lib/python3.10/dist-packages:${PYTHONPATH} /usr/bin/cmake --build /home/migueloteo/Desktop/Software-Development/28-SDfR-FinalProject/sdfr_ws/build/ros2_ball_detection -- -j12 -l12
[1.130s] DEBUG:colcon.colcon_core.event_handler.log_command:Invoking command in '/home/migueloteo/Desktop/Software-Development/28-SDfR-FinalProject/sdfr_ws/build/ros2_introduction': AMENT_PREFIX_PATH=/home/migueloteo/Desktop/Software-Development/28-SDfR-FinalProject/sdfr_ws/install/image_functions_sdfr:/home/migueloteo/Desktop/Software-Development/28-SDfR-FinalProject/sdfr_ws/install/custom_msg:${AMENT_PREFIX_PATH} CMAKE_PREFIX_PATH=/home/migueloteo/Desktop/Software-Development/28-SDfR-FinalProject/sdfr_ws/install/image_functions_sdfr:/home/migueloteo/Desktop/Software-Development/28-SDfR-FinalProject/sdfr_ws/install/custom_msg:/opt/ros/humble LD_LIBRARY_PATH=/home/migueloteo/Desktop/Software-Development/28-SDfR-FinalProject/sdfr_ws/install/image_functions_sdfr/lib:/home/migueloteo/Desktop/Software-Development/28-SDfR-FinalProject/sdfr_ws/install/custom_msg/lib:${LD_LIBRARY_PATH} PYTHONPATH=/home/migueloteo/Desktop/Software-Development/28-SDfR-FinalProject/sdfr_ws/install/custom_msg/local/lib/python3.10/dist-packages:${PYTHONPATH} /usr/bin/cmake --build /home/migueloteo/Desktop/Software-Development/28-SDfR-FinalProject/sdfr_ws/build/ros2_introduction -- -j12 -l12
[1.362s] DEBUG:colcon.colcon_core.event_handler.log_command:Invoked command in '/home/migueloteo/Desktop/Software-Development/28-SDfR-FinalProject/sdfr_ws/build/ros2_introduction' returned '2': AMENT_PREFIX_PATH=/home/migueloteo/Desktop/Software-Development/28-SDfR-FinalProject/sdfr_ws/install/image_functions_sdfr:/home/migueloteo/Desktop/Software-Development/28-SDfR-FinalProject/sdfr_ws/install/custom_msg:${AMENT_PREFIX_PATH} CMAKE_PREFIX_PATH=/home/migueloteo/Desktop/Software-Development/28-SDfR-FinalProject/sdfr_ws/install/image_functions_sdfr:/home/migueloteo/Desktop/Software-Development/28-SDfR-FinalProject/sdfr_ws/install/custom_msg:/opt/ros/humble LD_LIBRARY_PATH=/home/migueloteo/Desktop/Software-Development/28-SDfR-FinalProject/sdfr_ws/install/image_functions_sdfr/lib:/home/migueloteo/Desktop/Software-Development/28-SDfR-FinalProject/sdfr_ws/install/custom_msg/lib:${LD_LIBRARY_PATH} PYTHONPATH=/home/migueloteo/Desktop/Software-Development/28-SDfR-FinalProject/sdfr_ws/install/custom_msg/local/lib/python3.10/dist-packages:${PYTHONPATH} /usr/bin/cmake --build /home/migueloteo/Desktop/Software-Development/28-SDfR-FinalProject/sdfr_ws/build/ros2_introduction -- -j12 -l12
[1.380s] Level 1:colcon.colcon_core.environment:create_environment_scripts_only(ros2_introduction)
[1.381s] Level 1:colcon.colcon_core.environment:checking '/home/migueloteo/Desktop/Software-Development/28-SDfR-FinalProject/sdfr_ws/install/ros2_introduction' for CMake module files
[1.381s] Level 1:colcon.colcon_core.environment:checking '/home/migueloteo/Desktop/Software-Development/28-SDfR-FinalProject/sdfr_ws/install/ros2_introduction' for CMake config files
[1.381s] Level 1:colcon.colcon_core.shell:create_environment_hook('ros2_introduction', 'cmake_prefix_path')
[1.381s] INFO:colcon.colcon_core.shell:Creating environment hook '/home/migueloteo/Desktop/Software-Development/28-SDfR-FinalProject/sdfr_ws/install/ros2_introduction/share/ros2_introduction/hook/cmake_prefix_path.ps1'
[1.382s] INFO:colcon.colcon_core.shell:Creating environment descriptor '/home/migueloteo/Desktop/Software-Development/28-SDfR-FinalProject/sdfr_ws/install/ros2_introduction/share/ros2_introduction/hook/cmake_prefix_path.dsv'
[1.382s] INFO:colcon.colcon_core.shell:Creating environment hook '/home/migueloteo/Desktop/Software-Development/28-SDfR-FinalProject/sdfr_ws/install/ros2_introduction/share/ros2_introduction/hook/cmake_prefix_path.sh'
[1.383s] Level 1:colcon.colcon_core.environment:checking '/home/migueloteo/Desktop/Software-Development/28-SDfR-FinalProject/sdfr_ws/install/ros2_introduction/lib'
[1.383s] Level 1:colcon.colcon_core.environment:checking '/home/migueloteo/Desktop/Software-Development/28-SDfR-FinalProject/sdfr_ws/install/ros2_introduction/bin'
[1.383s] Level 1:colcon.colcon_core.environment:checking '/home/migueloteo/Desktop/Software-Development/28-SDfR-FinalProject/sdfr_ws/install/ros2_introduction/lib/pkgconfig/ros2_introduction.pc'
[1.383s] Level 1:colcon.colcon_core.environment:checking '/home/migueloteo/Desktop/Software-Development/28-SDfR-FinalProject/sdfr_ws/install/ros2_introduction/lib/python3.10/site-packages'
[1.383s] Level 1:colcon.colcon_core.environment:checking '/home/migueloteo/Desktop/Software-Development/28-SDfR-FinalProject/sdfr_ws/install/ros2_introduction/bin'
[1.383s] INFO:colcon.colcon_core.shell:Creating package script '/home/migueloteo/Desktop/Software-Development/28-SDfR-FinalProject/sdfr_ws/install/ros2_introduction/share/ros2_introduction/package.ps1'
[1.384s] INFO:colcon.colcon_core.shell:Creating package descriptor '/home/migueloteo/Desktop/Software-Development/28-SDfR-FinalProject/sdfr_ws/install/ros2_introduction/share/ros2_introduction/package.dsv'
[1.384s] INFO:colcon.colcon_core.shell:Creating package script '/home/migueloteo/Desktop/Software-Development/28-SDfR-FinalProject/sdfr_ws/install/ros2_introduction/share/ros2_introduction/package.sh'
[1.384s] INFO:colcon.colcon_core.shell:Creating package script '/home/migueloteo/Desktop/Software-Development/28-SDfR-FinalProject/sdfr_ws/install/ros2_introduction/share/ros2_introduction/package.bash'
[1.385s] INFO:colcon.colcon_core.shell:Creating package script '/home/migueloteo/Desktop/Software-Development/28-SDfR-FinalProject/sdfr_ws/install/ros2_introduction/share/ros2_introduction/package.zsh'
[1.385s] Level 1:colcon.colcon_core.environment:create_file_with_runtime_dependencies(/home/migueloteo/Desktop/Software-Development/28-SDfR-FinalProject/sdfr_ws/install/ros2_introduction/share/colcon-core/packages/ros2_introduction)
[4.591s] DEBUG:colcon.colcon_parallel_executor.executor.parallel:closing loop
[4.591s] DEBUG:colcon.colcon_parallel_executor.executor.parallel:loop closed
[4.591s] DEBUG:colcon.colcon_parallel_executor.executor.parallel:run_until_complete finished with '2'
[4.591s] DEBUG:colcon.colcon_core.event_reactor:joining thread
[4.596s] INFO:colcon.colcon_core.plugin_system:Skipping extension 'colcon_notification.desktop_notification.terminal_notifier': Not used on non-Darwin systems
[4.596s] INFO:colcon.colcon_core.plugin_system:Skipping extension 'colcon_notification.desktop_notification.win32': Not used on non-Windows systems
[4.596s] INFO:colcon.colcon_notification.desktop_notification:Sending desktop notification using 'notify2'
[4.606s] DEBUG:colcon.colcon_core.event_reactor:joined thread
[4.606s] INFO:colcon.colcon_core.shell:Creating prefix script '/home/migueloteo/Desktop/Software-Development/28-SDfR-FinalProject/sdfr_ws/install/local_setup.ps1'
[4.607s] INFO:colcon.colcon_core.shell:Creating prefix util module '/home/migueloteo/Desktop/Software-Development/28-SDfR-FinalProject/sdfr_ws/install/_local_setup_util_ps1.py'
[4.608s] INFO:colcon.colcon_core.shell:Creating prefix chain script '/home/migueloteo/Desktop/Software-Development/28-SDfR-FinalProject/sdfr_ws/install/setup.ps1'
[4.609s] INFO:colcon.colcon_core.shell:Creating prefix script '/home/migueloteo/Desktop/Software-Development/28-SDfR-FinalProject/sdfr_ws/install/local_setup.sh'
[4.609s] INFO:colcon.colcon_core.shell:Creating prefix util module '/home/migueloteo/Desktop/Software-Development/28-SDfR-FinalProject/sdfr_ws/install/_local_setup_util_sh.py'
[4.610s] INFO:colcon.colcon_core.shell:Creating prefix chain script '/home/migueloteo/Desktop/Software-Development/28-SDfR-FinalProject/sdfr_ws/install/setup.sh'
[4.611s] INFO:colcon.colcon_core.shell:Creating prefix script '/home/migueloteo/Desktop/Software-Development/28-SDfR-FinalProject/sdfr_ws/install/local_setup.bash'
[4.611s] INFO:colcon.colcon_core.shell:Creating prefix chain script '/home/migueloteo/Desktop/Software-Development/28-SDfR-FinalProject/sdfr_ws/install/setup.bash'
[4.612s] INFO:colcon.colcon_core.shell:Creating prefix script '/home/migueloteo/Desktop/Software-Development/28-SDfR-FinalProject/sdfr_ws/install/local_setup.zsh'
[4.612s] INFO:colcon.colcon_core.shell:Creating prefix chain script '/home/migueloteo/Desktop/Software-Development/28-SDfR-FinalProject/sdfr_ws/install/setup.zsh'
